[debug] [2026-01-29T03:42:27.601Z] ----------------------------------------------------------------------
[debug] [2026-01-29T03:42:27.605Z] Command:       C:\Program Files\nodejs\node.exe C:\Users\PHYSICS COOLNUT\AppData\Roaming\npm\node_modules\firebase-tools\lib\bin\firebase.js deploy --only functions
[debug] [2026-01-29T03:42:27.605Z] CLI Version:   15.4.0
[debug] [2026-01-29T03:42:27.605Z] Platform:      win32
[debug] [2026-01-29T03:42:27.605Z] Node Version:  v24.13.0
[debug] [2026-01-29T03:42:27.606Z] Time:          Thu Jan 29 2026 10:42:27 GMT+0700 (เวลาอินโดจีน)
[debug] [2026-01-29T03:42:27.606Z] ----------------------------------------------------------------------
[debug] 
[debug] [2026-01-29T03:42:30.502Z] > command requires scopes: ["email","openid","https://www.googleapis.com/auth/cloudplatformprojects.readonly","https://www.googleapis.com/auth/firebase","https://www.googleapis.com/auth/cloud-platform"]
[debug] [2026-01-29T03:42:30.502Z] > authorizing via signed-in user (satitsiriwach@gmail.com)
[debug] [2026-01-29T03:42:30.502Z] [iam] checking project hongson-cisa for permissions ["cloudfunctions.functions.create","cloudfunctions.functions.delete","cloudfunctions.functions.get","cloudfunctions.functions.list","cloudfunctions.functions.update","cloudfunctions.operations.get","firebase.projects.get"]
[debug] [2026-01-29T03:42:30.504Z] Checked if tokens are valid: true, expires at: 1769659583916
[debug] [2026-01-29T03:42:30.504Z] Checked if tokens are valid: true, expires at: 1769659583916
[debug] [2026-01-29T03:42:30.505Z] >>> [apiv2][query] POST https://cloudresourcemanager.googleapis.com/v1/projects/hongson-cisa:testIamPermissions [none]
[debug] [2026-01-29T03:42:30.505Z] >>> [apiv2][(partial)header] POST https://cloudresourcemanager.googleapis.com/v1/projects/hongson-cisa:testIamPermissions x-goog-quota-user=projects/hongson-cisa
[debug] [2026-01-29T03:42:30.506Z] >>> [apiv2][body] POST https://cloudresourcemanager.googleapis.com/v1/projects/hongson-cisa:testIamPermissions {"permissions":["cloudfunctions.functions.create","cloudfunctions.functions.delete","cloudfunctions.functions.get","cloudfunctions.functions.list","cloudfunctions.functions.update","cloudfunctions.operations.get","firebase.projects.get"]}
[debug] [2026-01-29T03:42:31.753Z] <<< [apiv2][status] POST https://cloudresourcemanager.googleapis.com/v1/projects/hongson-cisa:testIamPermissions 200
[debug] [2026-01-29T03:42:31.754Z] <<< [apiv2][body] POST https://cloudresourcemanager.googleapis.com/v1/projects/hongson-cisa:testIamPermissions {"permissions":["cloudfunctions.functions.create","cloudfunctions.functions.delete","cloudfunctions.functions.get","cloudfunctions.functions.list","cloudfunctions.functions.update","cloudfunctions.operations.get","firebase.projects.get"]}
[debug] [2026-01-29T03:42:31.754Z] Checked if tokens are valid: true, expires at: 1769659583916
[debug] [2026-01-29T03:42:31.754Z] Checked if tokens are valid: true, expires at: 1769659583916
[debug] [2026-01-29T03:42:31.754Z] >>> [apiv2][query] POST https://iam.googleapis.com/v1/projects/hongson-cisa/serviceAccounts/hongson-cisa@appspot.gserviceaccount.com:testIamPermissions [none]
[debug] [2026-01-29T03:42:31.754Z] >>> [apiv2][body] POST https://iam.googleapis.com/v1/projects/hongson-cisa/serviceAccounts/hongson-cisa@appspot.gserviceaccount.com:testIamPermissions {"permissions":["iam.serviceAccounts.actAs"]}
[debug] [2026-01-29T03:42:33.213Z] <<< [apiv2][status] POST https://iam.googleapis.com/v1/projects/hongson-cisa/serviceAccounts/hongson-cisa@appspot.gserviceaccount.com:testIamPermissions 200
[debug] [2026-01-29T03:42:33.213Z] <<< [apiv2][body] POST https://iam.googleapis.com/v1/projects/hongson-cisa/serviceAccounts/hongson-cisa@appspot.gserviceaccount.com:testIamPermissions {"permissions":["iam.serviceAccounts.actAs"]}
[info] 
[info] === Deploying to 'hongson-cisa'...
[info] 
[info] i  deploying functions 
[info] Running command: npm --prefix "$RESOURCE_DIR" run build
[info] +  functions: Finished running predeploy script. 
[debug] [2026-01-29T03:42:41.965Z] Checked if tokens are valid: true, expires at: 1769659583916
[debug] [2026-01-29T03:42:41.965Z] Checked if tokens are valid: true, expires at: 1769659583916
[debug] [2026-01-29T03:42:41.965Z] >>> [apiv2][query] GET https://cloudresourcemanager.googleapis.com/v1/projects/hongson-cisa [none]
[debug] [2026-01-29T03:42:43.198Z] <<< [apiv2][status] GET https://cloudresourcemanager.googleapis.com/v1/projects/hongson-cisa 200
[debug] [2026-01-29T03:42:43.198Z] <<< [apiv2][body] GET https://cloudresourcemanager.googleapis.com/v1/projects/hongson-cisa {"projectNumber":"319750794100","projectId":"hongson-cisa","lifecycleState":"ACTIVE","name":"HONGSON-CISA","labels":{"firebase":"enabled","firebase-core":"disabled"},"createTime":"2026-01-29T01:24:33.955060Z"}
[info] i  functions: preparing codebase default for deployment 
[info] i  functions: ensuring required API cloudfunctions.googleapis.com is enabled... 
[info] i  functions: ensuring required API cloudbuild.googleapis.com is enabled... 
[info] i  artifactregistry: ensuring required API artifactregistry.googleapis.com is enabled... 
[debug] [2026-01-29T03:42:43.201Z] Checked if tokens are valid: true, expires at: 1769659583916
[debug] [2026-01-29T03:42:43.201Z] Checked if tokens are valid: true, expires at: 1769659583916
[debug] [2026-01-29T03:42:43.201Z] >>> [apiv2][query] GET https://firebase.googleapis.com/v1beta1/projects/hongson-cisa/adminSdkConfig [none]
[debug] [2026-01-29T03:42:43.614Z] <<< [apiv2][status] GET https://firebase.googleapis.com/v1beta1/projects/hongson-cisa/adminSdkConfig 200
[debug] [2026-01-29T03:42:43.614Z] <<< [apiv2][body] GET https://firebase.googleapis.com/v1beta1/projects/hongson-cisa/adminSdkConfig {"projectId":"hongson-cisa","storageBucket":"hongson-cisa.firebasestorage.app"}
[debug] [2026-01-29T03:42:43.616Z] Validating nodejs source
[debug] [2026-01-29T03:42:44.870Z] > [functions] package.json contents: {
  "name": "functions",
  "scripts": {
    "lint": "eslint . --fix",
    "build": "tsc",
    "build:watch": "tsc --watch",
    "serve": "npm run build && firebase emulators:start --only functions",
    "shell": "npm run build && firebase functions:shell",
    "start": "npm run shell",
    "deploy": "firebase deploy --only functions",
    "logs": "firebase functions:log"
  },
  "engines": {
    "node": "24"
  },
  "main": "lib/index.js",
  "dependencies": {
    "@google-cloud/vertexai": "^1.10.0",
    "firebase-admin": "^13.6.0",
    "firebase-functions": "^7.0.0",
    "html2canvas": "^1.4.1",
    "jspdf": "^4.0.0",
    "nodemailer": "^7.0.13"
  },
  "devDependencies": {
    "@types/nodemailer": "^7.0.9",
    "@typescript-eslint/eslint-plugin": "^5.12.0",
    "@typescript-eslint/parser": "^5.12.0",
    "eslint": "^8.9.0",
    "eslint-config-google": "^0.14.0",
    "eslint-plugin-import": "^2.25.4",
    "firebase-functions-test": "^3.4.1",
    "typescript": "^5.7.3"
  },
  "private": true
}
[debug] [2026-01-29T03:42:44.870Z] Building nodejs source
[info] i  functions: Loading and analyzing source code for codebase default to determine what to deploy 
[debug] [2026-01-29T03:42:44.871Z] Could not find functions.yaml. Must use http discovery
[debug] [2026-01-29T03:42:44.882Z] Found firebase-functions binary at 'C:\Users\PHYSICS COOLNUT\Desktop\honson_cisa\functions\node_modules\.bin\firebase-functions'
[info] Serving at port 8204

[debug] [2026-01-29T03:42:46.126Z] Got response from /__/functions.yaml {"endpoints":{"gradeExamBatch":{"availableMemoryMb":1024,"timeoutSeconds":300,"minInstances":null,"maxInstances":null,"ingressSettings":null,"concurrency":null,"serviceAccountEmail":null,"vpc":null,"platform":"gcfv2","labels":{},"callableTrigger":{},"entryPoint":"gradeExamBatch"},"sendGradedEmail":{"availableMemoryMb":null,"timeoutSeconds":null,"minInstances":null,"maxInstances":null,"ingressSettings":null,"concurrency":null,"serviceAccountEmail":null,"vpc":null,"platform":"gcfv2","labels":{},"eventTrigger":{"eventType":"google.cloud.firestore.document.v1.updated","eventFilters":{"database":"(default)","namespace":"(default)"},"eventFilterPathPatterns":{"document":"submissions/{submissionId}"},"retry":false},"entryPoint":"sendGradedEmail"}},"specVersion":"v1alpha1","requiredAPIs":[],"extensions":{}}
[info] i  extensions: ensuring required API firebaseextensions.googleapis.com is enabled... 
[debug] [2026-01-29T03:42:50.169Z] > command requires scopes: ["email","openid","https://www.googleapis.com/auth/cloudplatformprojects.readonly","https://www.googleapis.com/auth/firebase","https://www.googleapis.com/auth/cloud-platform"]
[debug] [2026-01-29T03:42:50.170Z] > authorizing via signed-in user (satitsiriwach@gmail.com)
[debug] [2026-01-29T03:42:50.170Z] [iam] checking project hongson-cisa for permissions ["firebase.projects.get","firebaseextensions.instances.list"]
[debug] [2026-01-29T03:42:50.170Z] Checked if tokens are valid: true, expires at: 1769659583916
[debug] [2026-01-29T03:42:50.170Z] Checked if tokens are valid: true, expires at: 1769659583916
[debug] [2026-01-29T03:42:50.170Z] >>> [apiv2][query] POST https://cloudresourcemanager.googleapis.com/v1/projects/hongson-cisa:testIamPermissions [none]
[debug] [2026-01-29T03:42:50.170Z] >>> [apiv2][(partial)header] POST https://cloudresourcemanager.googleapis.com/v1/projects/hongson-cisa:testIamPermissions x-goog-quota-user=projects/hongson-cisa
[debug] [2026-01-29T03:42:50.170Z] >>> [apiv2][body] POST https://cloudresourcemanager.googleapis.com/v1/projects/hongson-cisa:testIamPermissions {"permissions":["firebase.projects.get","firebaseextensions.instances.list"]}
[debug] [2026-01-29T03:42:51.394Z] <<< [apiv2][status] POST https://cloudresourcemanager.googleapis.com/v1/projects/hongson-cisa:testIamPermissions 200
[debug] [2026-01-29T03:42:51.394Z] <<< [apiv2][body] POST https://cloudresourcemanager.googleapis.com/v1/projects/hongson-cisa:testIamPermissions {"permissions":["firebase.projects.get","firebaseextensions.instances.list"]}
[debug] [2026-01-29T03:42:51.394Z] Checked if tokens are valid: true, expires at: 1769659583916
[debug] [2026-01-29T03:42:51.394Z] Checked if tokens are valid: true, expires at: 1769659583916
[debug] [2026-01-29T03:42:51.394Z] >>> [apiv2][query] GET https://firebaseextensions.googleapis.com/v1beta/projects/hongson-cisa/instances pageSize=100&pageToken=
[debug] [2026-01-29T03:42:52.828Z] <<< [apiv2][status] GET https://firebaseextensions.googleapis.com/v1beta/projects/hongson-cisa/instances 200
[debug] [2026-01-29T03:42:52.828Z] <<< [apiv2][body] GET https://firebaseextensions.googleapis.com/v1beta/projects/hongson-cisa/instances {}
[info] i  functions: preparing functions directory for uploading... 
[info] i  functions: packaged C:\Users\PHYSICS COOLNUT\Desktop\honson_cisa\functions (106.67 KB) for uploading 
[debug] [2026-01-29T03:42:52.883Z] Checked if tokens are valid: true, expires at: 1769659583916
[debug] [2026-01-29T03:42:52.883Z] Checked if tokens are valid: true, expires at: 1769659583916
[debug] [2026-01-29T03:42:52.883Z] >>> [apiv2][query] GET https://cloudfunctions.googleapis.com/v1/projects/hongson-cisa/locations/-/functions [none]
[debug] [2026-01-29T03:42:53.720Z] <<< [apiv2][status] GET https://cloudfunctions.googleapis.com/v1/projects/hongson-cisa/locations/-/functions 200
[debug] [2026-01-29T03:42:53.721Z] <<< [apiv2][body] GET https://cloudfunctions.googleapis.com/v1/projects/hongson-cisa/locations/-/functions {}
[debug] [2026-01-29T03:42:53.721Z] Checked if tokens are valid: true, expires at: 1769659583916
[debug] [2026-01-29T03:42:53.721Z] Checked if tokens are valid: true, expires at: 1769659583916
[debug] [2026-01-29T03:42:53.721Z] >>> [apiv2][query] GET https://cloudfunctions.googleapis.com/v2/projects/hongson-cisa/locations/-/functions filter=environment%3D%22GEN_2%22
[debug] [2026-01-29T03:42:55.287Z] <<< [apiv2][status] GET https://cloudfunctions.googleapis.com/v2/projects/hongson-cisa/locations/-/functions 200
[debug] [2026-01-29T03:42:55.288Z] <<< [apiv2][body] GET https://cloudfunctions.googleapis.com/v2/projects/hongson-cisa/locations/-/functions {"functions":[{"name":"projects/hongson-cisa/locations/us-central1/functions/gradeExamBatch","buildConfig":{"build":"projects/319750794100/locations/us-central1/builds/7a0e9e4a-80b1-4849-a1a3-d997da86d7ac","runtime":"nodejs24","entryPoint":"gradeExamBatch","source":{"storageSource":{"bucket":"gcf-v2-sources-319750794100-us-central1","object":"gradeExamBatch/function-source.zip","generation":"1769656754534340"}},"environmentVariables":{"GOOGLE_NODE_RUN_SCRIPTS":""},"dockerRepository":"projects/hongson-cisa/locations/us-central1/repositories/gcf-artifacts","sourceProvenance":{"resolvedStorageSource":{"bucket":"gcf-v2-sources-319750794100-us-central1","object":"gradeExamBatch/function-source.zip","generation":"1769656754534340"}},"dockerRegistry":"ARTIFACT_REGISTRY","serviceAccount":"projects/hongson-cisa/serviceAccounts/319750794100-compute@developer.gserviceaccount.com","automaticUpdatePolicy":{}},"serviceConfig":{"service":"projects/hongson-cisa/locations/us-central1/services/gradeexambatch","timeoutSeconds":300,"environmentVariables":{"FIREBASE_CONFIG":"{\"projectId\":\"hongson-cisa\",\"storageBucket\":\"hongson-cisa.firebasestorage.app\"}","GCLOUD_PROJECT":"hongson-cisa","EVENTARC_CLOUD_EVENT_SOURCE":"projects/hongson-cisa/locations/us-central1/services/gradeExamBatch","FUNCTION_TARGET":"gradeExamBatch","LOG_EXECUTION_ID":"true"},"ingressSettings":"ALLOW_ALL","uri":"https://gradeexambatch-k7zp3wcrdq-uc.a.run.app","serviceAccountEmail":"319750794100-compute@developer.gserviceaccount.com","availableMemory":"1024Mi","allTrafficOnLatestRevision":true,"revision":"gradeexambatch-00001-kiv","maxInstanceRequestConcurrency":80,"availableCpu":"1"},"state":"ACTIVE","updateTime":"2026-01-29T03:20:30.306771285Z","labels":{"deployment-callable":"true","firebase-functions-hash":"5302377f4337b3a2968afb5c5656cb3dd1ff53ab","deployment-tool":"cli-firebase"},"environment":"GEN_2","url":"https://us-central1-hongson-cisa.cloudfunctions.net/gradeExamBatch","createTime":"2026-01-29T03:19:15.487124173Z","satisfiesPzi":true}]}
[debug] [2026-01-29T03:42:55.290Z] Checked if tokens are valid: true, expires at: 1769659583916
[debug] [2026-01-29T03:42:55.290Z] Checked if tokens are valid: true, expires at: 1769659583916
[debug] [2026-01-29T03:42:55.291Z] >>> [apiv2][query] GET https://firestore.googleapis.com/v1/projects/hongson-cisa/databases/(default) [none]
[debug] [2026-01-29T03:42:55.687Z] <<< [apiv2][status] GET https://firestore.googleapis.com/v1/projects/hongson-cisa/databases/(default) 200
[debug] [2026-01-29T03:42:55.687Z] <<< [apiv2][body] GET https://firestore.googleapis.com/v1/projects/hongson-cisa/databases/(default) {"name":"projects/hongson-cisa/databases/(default)","uid":"f01486bf-dbff-4fae-9480-733c8c411f8f","createTime":"2026-01-29T01:25:43.777945Z","updateTime":"2026-01-29T01:25:43.777945Z","locationId":"asia-southeast1","type":"FIRESTORE_NATIVE","concurrencyMode":"PESSIMISTIC","versionRetentionPeriod":"3600s","earliestVersionTime":"2026-01-29T02:42:55.886581Z","appEngineIntegrationMode":"DISABLED","keyPrefix":"zas","pointInTimeRecoveryEnablement":"POINT_IN_TIME_RECOVERY_DISABLED","deleteProtectionState":"DELETE_PROTECTION_DISABLED","databaseEdition":"STANDARD","freeTier":true,"realtimeUpdatesMode":"REALTIME_UPDATES_MODE_ENABLED","etag":"IKelyrfqr5IDMOmE1NPOr5ID"}
[info] i  functions: ensuring required API run.googleapis.com is enabled... 
[info] i  functions: ensuring required API eventarc.googleapis.com is enabled... 
[info] i  functions: ensuring required API pubsub.googleapis.com is enabled... 
[info] i  functions: ensuring required API storage.googleapis.com is enabled... 
[info] i  functions: generating the service identity for pubsub.googleapis.com... 
[debug] [2026-01-29T03:42:55.692Z] Checked if tokens are valid: true, expires at: 1769659583916
[debug] [2026-01-29T03:42:55.692Z] Checked if tokens are valid: true, expires at: 1769659583916
[info] i  functions: generating the service identity for eventarc.googleapis.com... 
[debug] [2026-01-29T03:42:55.692Z] Checked if tokens are valid: true, expires at: 1769659583916
[debug] [2026-01-29T03:42:55.692Z] Checked if tokens are valid: true, expires at: 1769659583916
[debug] [2026-01-29T03:42:55.692Z] >>> [apiv2][query] POST https://serviceusage.googleapis.com/v1beta1/projects/319750794100/services/pubsub.googleapis.com:generateServiceIdentity [none]
[debug] [2026-01-29T03:42:55.692Z] >>> [apiv2][(partial)header] POST https://serviceusage.googleapis.com/v1beta1/projects/319750794100/services/pubsub.googleapis.com:generateServiceIdentity x-goog-quota-user=projects/319750794100
[debug] [2026-01-29T03:42:55.692Z] >>> [apiv2][body] POST https://serviceusage.googleapis.com/v1beta1/projects/319750794100/services/pubsub.googleapis.com:generateServiceIdentity {}
[debug] [2026-01-29T03:42:55.693Z] >>> [apiv2][query] POST https://serviceusage.googleapis.com/v1beta1/projects/319750794100/services/eventarc.googleapis.com:generateServiceIdentity [none]
[debug] [2026-01-29T03:42:55.694Z] >>> [apiv2][(partial)header] POST https://serviceusage.googleapis.com/v1beta1/projects/319750794100/services/eventarc.googleapis.com:generateServiceIdentity x-goog-quota-user=projects/319750794100
[debug] [2026-01-29T03:42:55.694Z] >>> [apiv2][body] POST https://serviceusage.googleapis.com/v1beta1/projects/319750794100/services/eventarc.googleapis.com:generateServiceIdentity {}
[debug] [2026-01-29T03:42:57.313Z] <<< [apiv2][status] POST https://serviceusage.googleapis.com/v1beta1/projects/319750794100/services/pubsub.googleapis.com:generateServiceIdentity 200
[debug] [2026-01-29T03:42:57.313Z] <<< [apiv2][body] POST https://serviceusage.googleapis.com/v1beta1/projects/319750794100/services/pubsub.googleapis.com:generateServiceIdentity {"name":"operations/finished.DONE_OPERATION","done":true,"response":{"@type":"type.googleapis.com/google.api.serviceusage.v1beta1.ServiceIdentity","email":"service-319750794100@gcp-sa-pubsub.iam.gserviceaccount.com","uniqueId":"106157571638549324192"}}
[debug] [2026-01-29T03:42:57.320Z] <<< [apiv2][status] POST https://serviceusage.googleapis.com/v1beta1/projects/319750794100/services/eventarc.googleapis.com:generateServiceIdentity 200
[debug] [2026-01-29T03:42:57.320Z] <<< [apiv2][body] POST https://serviceusage.googleapis.com/v1beta1/projects/319750794100/services/eventarc.googleapis.com:generateServiceIdentity {"name":"operations/finished.DONE_OPERATION","done":true,"response":{"@type":"type.googleapis.com/google.api.serviceusage.v1beta1.ServiceIdentity","email":"service-319750794100@gcp-sa-eventarc.iam.gserviceaccount.com","uniqueId":"100909277897369765316"}}
[debug] [2026-01-29T03:42:57.322Z] Checked if tokens are valid: true, expires at: 1769659583916
[debug] [2026-01-29T03:42:57.322Z] Checked if tokens are valid: true, expires at: 1769659583916
[debug] [2026-01-29T03:42:57.322Z] >>> [apiv2][query] GET https://compute.googleapis.com/compute/v1/projects/319750794100 [none]
[debug] [2026-01-29T03:42:57.715Z] <<< [apiv2][status] GET https://compute.googleapis.com/compute/v1/projects/319750794100 403
[debug] [2026-01-29T03:42:57.715Z] <<< [apiv2][body] GET https://compute.googleapis.com/compute/v1/projects/319750794100 {"error":{"code":403,"message":"Compute Engine API has not been used in project 319750794100 before or it is disabled. Enable it by visiting https://console.developers.google.com/apis/api/compute.googleapis.com/overview?project=319750794100 then retry. If you enabled this API recently, wait a few minutes for the action to propagate to our systems and retry.","errors":[{"message":"Compute Engine API has not been used in project 319750794100 before or it is disabled. Enable it by visiting https://console.developers.google.com/apis/api/compute.googleapis.com/overview?project=319750794100 then retry. If you enabled this API recently, wait a few minutes for the action to propagate to our systems and retry.","domain":"usageLimits","reason":"accessNotConfigured","extendedHelp":"https://console.developers.google.com"}],"status":"PERMISSION_DENIED","details":[{"@type":"type.googleapis.com/google.rpc.ErrorInfo","reason":"SERVICE_DISABLED","domain":"googleapis.com","metadata":{"consumer":"projects/319750794100","containerInfo":"319750794100","service":"compute.googleapis.com","activationUrl":"https://console.developers.google.com/apis/api/compute.googleapis.com/overview?project=319750794100","serviceTitle":"Compute Engine API"}},{"@type":"type.googleapis.com/google.rpc.LocalizedMessage","locale":"en-US","message":"Compute Engine API has not been used in project 319750794100 before or it is disabled. Enable it by visiting https://console.developers.google.com/apis/api/compute.googleapis.com/overview?project=319750794100 then retry. If you enabled this API recently, wait a few minutes for the action to propagate to our systems and retry."},{"@type":"type.googleapis.com/google.rpc.Help","links":[{"description":"Google developers console API activation","url":"https://console.developers.google.com/apis/api/compute.googleapis.com/overview?project=319750794100"}]}]}}
[debug] [2026-01-29T03:42:57.716Z] unable to look up default compute service account. Falling back to 319750794100-compute@developer.gserviceaccount.com. Error: {"name":"FirebaseError","children":[],"context":{"body":{"error":{"code":403,"message":"Compute Engine API has not been used in project 319750794100 before or it is disabled. Enable it by visiting https://console.developers.google.com/apis/api/compute.googleapis.com/overview?project=319750794100 then retry. If you enabled this API recently, wait a few minutes for the action to propagate to our systems and retry.","errors":[{"message":"Compute Engine API has not been used in project 319750794100 before or it is disabled. Enable it by visiting https://console.developers.google.com/apis/api/compute.googleapis.com/overview?project=319750794100 then retry. If you enabled this API recently, wait a few minutes for the action to propagate to our systems and retry.","domain":"usageLimits","reason":"accessNotConfigured","extendedHelp":"https://console.developers.google.com"}],"status":"PERMISSION_DENIED","details":[{"@type":"type.googleapis.com/google.rpc.ErrorInfo","reason":"SERVICE_DISABLED","domain":"googleapis.com","metadata":{"consumer":"projects/319750794100","containerInfo":"319750794100","service":"compute.googleapis.com","activationUrl":"https://console.developers.google.com/apis/api/compute.googleapis.com/overview?project=319750794100","serviceTitle":"Compute Engine API"}},{"@type":"type.googleapis.com/google.rpc.LocalizedMessage","locale":"en-US","message":"Compute Engine API has not been used in project 319750794100 before or it is disabled. Enable it by visiting https://console.developers.google.com/apis/api/compute.googleapis.com/overview?project=319750794100 then retry. If you enabled this API recently, wait a few minutes for the action to propagate to our systems and retry."},{"@type":"type.googleapis.com/google.rpc.Help","links":[{"description":"Google developers console API activation","url":"https://console.developers.google.com/apis/api/compute.googleapis.com/overview?project=319750794100"}]}]}},"response":{"statusCode":403}},"exit":1,"message":"Request to https://compute.googleapis.com/compute/v1/projects/319750794100 had HTTP Error: 403, Compute Engine API has not been used in project 319750794100 before or it is disabled. Enable it by visiting https://console.developers.google.com/apis/api/compute.googleapis.com/overview?project=319750794100 then retry. If you enabled this API recently, wait a few minutes for the action to propagate to our systems and retry.","status":403}
[debug] [2026-01-29T03:42:57.716Z] Checked if tokens are valid: true, expires at: 1769659583916
[debug] [2026-01-29T03:42:57.716Z] Checked if tokens are valid: true, expires at: 1769659583916
[debug] [2026-01-29T03:42:57.716Z] >>> [apiv2][query] POST https://cloudresourcemanager.googleapis.com/v1/projects/319750794100:getIamPolicy [none]
[debug] [2026-01-29T03:42:59.012Z] <<< [apiv2][status] POST https://cloudresourcemanager.googleapis.com/v1/projects/319750794100:getIamPolicy 200
[debug] [2026-01-29T03:42:59.012Z] <<< [apiv2][body] POST https://cloudresourcemanager.googleapis.com/v1/projects/319750794100:getIamPolicy {"version":1,"etag":"BwZJflJcBVo=","bindings":[{"role":"roles/artifactregistry.serviceAgent","members":["serviceAccount:service-319750794100@gcp-sa-artifactregistry.iam.gserviceaccount.com"]},{"role":"roles/cloudbuild.builds.builder","members":["serviceAccount:319750794100@cloudbuild.gserviceaccount.com"]},{"role":"roles/cloudbuild.serviceAgent","members":["serviceAccount:service-319750794100@gcp-sa-cloudbuild.iam.gserviceaccount.com"]},{"role":"roles/cloudfunctions.serviceAgent","members":["serviceAccount:service-319750794100@gcf-admin-robot.iam.gserviceaccount.com"]},{"role":"roles/containerregistry.ServiceAgent","members":["serviceAccount:service-319750794100@containerregistry.iam.gserviceaccount.com"]},{"role":"roles/editor","members":["serviceAccount:319750794100-compute@developer.gserviceaccount.com","serviceAccount:319750794100@cloudservices.gserviceaccount.com","serviceAccount:hongson-cisa@appspot.gserviceaccount.com"]},{"role":"roles/firebase.managementServiceAgent","members":["serviceAccount:service-319750794100@gcp-sa-firebase.iam.gserviceaccount.com"]},{"role":"roles/firebase.sdkAdminServiceAgent","members":["serviceAccount:firebase-adminsdk-fbsvc@hongson-cisa.iam.gserviceaccount.com"]},{"role":"roles/firebaseauth.admin","members":["serviceAccount:firebase-adminsdk-fbsvc@hongson-cisa.iam.gserviceaccount.com"]},{"role":"roles/firebasemods.serviceAgent","members":["serviceAccount:service-319750794100@gcp-sa-firebasemods.iam.gserviceaccount.com"]},{"role":"roles/firebaserules.system","members":["serviceAccount:service-319750794100@firebase-rules.iam.gserviceaccount.com"]},{"role":"roles/firestore.serviceAgent","members":["serviceAccount:service-319750794100@gcp-sa-firestore.iam.gserviceaccount.com"]},{"role":"roles/iam.serviceAccountTokenCreator","members":["serviceAccount:firebase-adminsdk-fbsvc@hongson-cisa.iam.gserviceaccount.com"]},{"role":"roles/owner","members":["user:satitsiriwach@gmail.com"]},{"role":"roles/run.serviceAgent","members":["serviceAccount:service-319750794100@serverless-robot-prod.iam.gserviceaccount.com"]}]}
[debug] [2026-01-29T03:42:59.012Z] Checked if tokens are valid: true, expires at: 1769659583916
[debug] [2026-01-29T03:42:59.012Z] Checked if tokens are valid: true, expires at: 1769659583916
[debug] [2026-01-29T03:42:59.012Z] >>> [apiv2][query] POST https://cloudresourcemanager.googleapis.com/v1/projects/319750794100:setIamPolicy [none]
[debug] [2026-01-29T03:42:59.013Z] >>> [apiv2][body] POST https://cloudresourcemanager.googleapis.com/v1/projects/319750794100:setIamPolicy {"policy":{"version":1,"etag":"BwZJflJcBVo=","bindings":[{"role":"roles/artifactregistry.serviceAgent","members":["serviceAccount:service-319750794100@gcp-sa-artifactregistry.iam.gserviceaccount.com"]},{"role":"roles/cloudbuild.builds.builder","members":["serviceAccount:319750794100@cloudbuild.gserviceaccount.com"]},{"role":"roles/cloudbuild.serviceAgent","members":["serviceAccount:service-319750794100@gcp-sa-cloudbuild.iam.gserviceaccount.com"]},{"role":"roles/cloudfunctions.serviceAgent","members":["serviceAccount:service-319750794100@gcf-admin-robot.iam.gserviceaccount.com"]},{"role":"roles/containerregistry.ServiceAgent","members":["serviceAccount:service-319750794100@containerregistry.iam.gserviceaccount.com"]},{"role":"roles/editor","members":["serviceAccount:319750794100-compute@developer.gserviceaccount.com","serviceAccount:319750794100@cloudservices.gserviceaccount.com","serviceAccount:hongson-cisa@appspot.gserviceaccount.com"]},{"role":"roles/firebase.managementServiceAgent","members":["serviceAccount:service-319750794100@gcp-sa-firebase.iam.gserviceaccount.com"]},{"role":"roles/firebase.sdkAdminServiceAgent","members":["serviceAccount:firebase-adminsdk-fbsvc@hongson-cisa.iam.gserviceaccount.com"]},{"role":"roles/firebaseauth.admin","members":["serviceAccount:firebase-adminsdk-fbsvc@hongson-cisa.iam.gserviceaccount.com"]},{"role":"roles/firebasemods.serviceAgent","members":["serviceAccount:service-319750794100@gcp-sa-firebasemods.iam.gserviceaccount.com"]},{"role":"roles/firebaserules.system","members":["serviceAccount:service-319750794100@firebase-rules.iam.gserviceaccount.com"]},{"role":"roles/firestore.serviceAgent","members":["serviceAccount:service-319750794100@gcp-sa-firestore.iam.gserviceaccount.com"]},{"role":"roles/iam.serviceAccountTokenCreator","members":["serviceAccount:firebase-adminsdk-fbsvc@hongson-cisa.iam.gserviceaccount.com","serviceAccount:service-319750794100@gcp-sa-pubsub.iam.gserviceaccount.com"]},{"role":"roles/owner","members":["user:satitsiriwach@gmail.com"]},{"role":"roles/run.serviceAgent","members":["serviceAccount:service-319750794100@serverless-robot-prod.iam.gserviceaccount.com"]},{"role":"roles/run.invoker","members":["serviceAccount:319750794100-compute@developer.gserviceaccount.com"]},{"role":"roles/eventarc.eventReceiver","members":["serviceAccount:319750794100-compute@developer.gserviceaccount.com"]}]},"updateMask":"bindings"}
[debug] [2026-01-29T03:43:00.036Z] <<< [apiv2][status] POST https://cloudresourcemanager.googleapis.com/v1/projects/319750794100:setIamPolicy 200
[debug] [2026-01-29T03:43:00.037Z] <<< [apiv2][body] POST https://cloudresourcemanager.googleapis.com/v1/projects/319750794100:setIamPolicy {"version":1,"etag":"BwZJfqczjVo=","bindings":[{"role":"roles/artifactregistry.serviceAgent","members":["serviceAccount:service-319750794100@gcp-sa-artifactregistry.iam.gserviceaccount.com"]},{"role":"roles/cloudbuild.builds.builder","members":["serviceAccount:319750794100@cloudbuild.gserviceaccount.com"]},{"role":"roles/cloudbuild.serviceAgent","members":["serviceAccount:service-319750794100@gcp-sa-cloudbuild.iam.gserviceaccount.com"]},{"role":"roles/cloudfunctions.serviceAgent","members":["serviceAccount:service-319750794100@gcf-admin-robot.iam.gserviceaccount.com"]},{"role":"roles/containerregistry.ServiceAgent","members":["serviceAccount:service-319750794100@containerregistry.iam.gserviceaccount.com"]},{"role":"roles/editor","members":["serviceAccount:319750794100-compute@developer.gserviceaccount.com","serviceAccount:319750794100@cloudservices.gserviceaccount.com","serviceAccount:hongson-cisa@appspot.gserviceaccount.com"]},{"role":"roles/eventarc.eventReceiver","members":["serviceAccount:319750794100-compute@developer.gserviceaccount.com"]},{"role":"roles/firebase.managementServiceAgent","members":["serviceAccount:service-319750794100@gcp-sa-firebase.iam.gserviceaccount.com"]},{"role":"roles/firebase.sdkAdminServiceAgent","members":["serviceAccount:firebase-adminsdk-fbsvc@hongson-cisa.iam.gserviceaccount.com"]},{"role":"roles/firebaseauth.admin","members":["serviceAccount:firebase-adminsdk-fbsvc@hongson-cisa.iam.gserviceaccount.com"]},{"role":"roles/firebasemods.serviceAgent","members":["serviceAccount:service-319750794100@gcp-sa-firebasemods.iam.gserviceaccount.com"]},{"role":"roles/firebaserules.system","members":["serviceAccount:service-319750794100@firebase-rules.iam.gserviceaccount.com"]},{"role":"roles/firestore.serviceAgent","members":["serviceAccount:service-319750794100@gcp-sa-firestore.iam.gserviceaccount.com"]},{"role":"roles/iam.serviceAccountTokenCreator","members":["serviceAccount:firebase-adminsdk-fbsvc@hongson-cisa.iam.gserviceaccount.com","serviceAccount:service-319750794100@gcp-sa-pubsub.iam.gserviceaccount.com"]},{"role":"roles/owner","members":["user:satitsiriwach@gmail.com"]},{"role":"roles/run.invoker","members":["serviceAccount:319750794100-compute@developer.gserviceaccount.com"]},{"role":"roles/run.serviceAgent","members":["serviceAccount:service-319750794100@serverless-robot-prod.iam.gserviceaccount.com"]}]}
[debug] [2026-01-29T03:43:00.038Z] Checked if tokens are valid: true, expires at: 1769659583916
[debug] [2026-01-29T03:43:00.038Z] Checked if tokens are valid: true, expires at: 1769659583916
[debug] [2026-01-29T03:43:00.038Z] >>> [apiv2][query] GET https://cloudresourcemanager.googleapis.com/v1/projects/hongson-cisa [none]
[debug] [2026-01-29T03:43:00.316Z] <<< [apiv2][status] GET https://cloudresourcemanager.googleapis.com/v1/projects/hongson-cisa 200
[debug] [2026-01-29T03:43:00.316Z] <<< [apiv2][body] GET https://cloudresourcemanager.googleapis.com/v1/projects/hongson-cisa {"projectNumber":"319750794100","projectId":"hongson-cisa","lifecycleState":"ACTIVE","name":"HONGSON-CISA","labels":{"firebase":"enabled","firebase-core":"disabled"},"createTime":"2026-01-29T01:24:33.955060Z"}
[debug] [2026-01-29T03:43:00.317Z] Checked if tokens are valid: true, expires at: 1769659583916
[debug] [2026-01-29T03:43:00.317Z] Checked if tokens are valid: true, expires at: 1769659583916
[debug] [2026-01-29T03:43:00.317Z] >>> [apiv2][query] GET https://compute.googleapis.com/compute/v1/projects/319750794100 [none]
[debug] [2026-01-29T03:43:00.584Z] <<< [apiv2][status] GET https://compute.googleapis.com/compute/v1/projects/319750794100 403
[debug] [2026-01-29T03:43:00.584Z] <<< [apiv2][body] GET https://compute.googleapis.com/compute/v1/projects/319750794100 {"error":{"code":403,"message":"Compute Engine API has not been used in project 319750794100 before or it is disabled. Enable it by visiting https://console.developers.google.com/apis/api/compute.googleapis.com/overview?project=319750794100 then retry. If you enabled this API recently, wait a few minutes for the action to propagate to our systems and retry.","errors":[{"message":"Compute Engine API has not been used in project 319750794100 before or it is disabled. Enable it by visiting https://console.developers.google.com/apis/api/compute.googleapis.com/overview?project=319750794100 then retry. If you enabled this API recently, wait a few minutes for the action to propagate to our systems and retry.","domain":"usageLimits","reason":"accessNotConfigured","extendedHelp":"https://console.developers.google.com"}],"status":"PERMISSION_DENIED","details":[{"@type":"type.googleapis.com/google.rpc.ErrorInfo","reason":"SERVICE_DISABLED","domain":"googleapis.com","metadata":{"activationUrl":"https://console.developers.google.com/apis/api/compute.googleapis.com/overview?project=319750794100","serviceTitle":"Compute Engine API","service":"compute.googleapis.com","containerInfo":"319750794100","consumer":"projects/319750794100"}},{"@type":"type.googleapis.com/google.rpc.LocalizedMessage","locale":"en-US","message":"Compute Engine API has not been used in project 319750794100 before or it is disabled. Enable it by visiting https://console.developers.google.com/apis/api/compute.googleapis.com/overview?project=319750794100 then retry. If you enabled this API recently, wait a few minutes for the action to propagate to our systems and retry."},{"@type":"type.googleapis.com/google.rpc.Help","links":[{"description":"Google developers console API activation","url":"https://console.developers.google.com/apis/api/compute.googleapis.com/overview?project=319750794100"}]}]}}
[debug] [2026-01-29T03:43:00.585Z] unable to look up default compute service account. Falling back to 319750794100-compute@developer.gserviceaccount.com. Error: {"name":"FirebaseError","children":[],"context":{"body":{"error":{"code":403,"message":"Compute Engine API has not been used in project 319750794100 before or it is disabled. Enable it by visiting https://console.developers.google.com/apis/api/compute.googleapis.com/overview?project=319750794100 then retry. If you enabled this API recently, wait a few minutes for the action to propagate to our systems and retry.","errors":[{"message":"Compute Engine API has not been used in project 319750794100 before or it is disabled. Enable it by visiting https://console.developers.google.com/apis/api/compute.googleapis.com/overview?project=319750794100 then retry. If you enabled this API recently, wait a few minutes for the action to propagate to our systems and retry.","domain":"usageLimits","reason":"accessNotConfigured","extendedHelp":"https://console.developers.google.com"}],"status":"PERMISSION_DENIED","details":[{"@type":"type.googleapis.com/google.rpc.ErrorInfo","reason":"SERVICE_DISABLED","domain":"googleapis.com","metadata":{"activationUrl":"https://console.developers.google.com/apis/api/compute.googleapis.com/overview?project=319750794100","serviceTitle":"Compute Engine API","service":"compute.googleapis.com","containerInfo":"319750794100","consumer":"projects/319750794100"}},{"@type":"type.googleapis.com/google.rpc.LocalizedMessage","locale":"en-US","message":"Compute Engine API has not been used in project 319750794100 before or it is disabled. Enable it by visiting https://console.developers.google.com/apis/api/compute.googleapis.com/overview?project=319750794100 then retry. If you enabled this API recently, wait a few minutes for the action to propagate to our systems and retry."},{"@type":"type.googleapis.com/google.rpc.Help","links":[{"description":"Google developers console API activation","url":"https://console.developers.google.com/apis/api/compute.googleapis.com/overview?project=319750794100"}]}]}},"response":{"statusCode":403}},"exit":1,"message":"Request to https://compute.googleapis.com/compute/v1/projects/319750794100 had HTTP Error: 403, Compute Engine API has not been used in project 319750794100 before or it is disabled. Enable it by visiting https://console.developers.google.com/apis/api/compute.googleapis.com/overview?project=319750794100 then retry. If you enabled this API recently, wait a few minutes for the action to propagate to our systems and retry.","status":403}
[debug] [2026-01-29T03:43:00.585Z] Checked if tokens are valid: true, expires at: 1769659583916
[debug] [2026-01-29T03:43:00.585Z] Checked if tokens are valid: true, expires at: 1769659583916
[debug] [2026-01-29T03:43:00.585Z] >>> [apiv2][query] GET https://compute.googleapis.com/compute/v1/projects/319750794100 [none]
[debug] [2026-01-29T03:43:00.911Z] <<< [apiv2][status] GET https://compute.googleapis.com/compute/v1/projects/319750794100 403
[debug] [2026-01-29T03:43:00.911Z] <<< [apiv2][body] GET https://compute.googleapis.com/compute/v1/projects/319750794100 {"error":{"code":403,"message":"Compute Engine API has not been used in project 319750794100 before or it is disabled. Enable it by visiting https://console.developers.google.com/apis/api/compute.googleapis.com/overview?project=319750794100 then retry. If you enabled this API recently, wait a few minutes for the action to propagate to our systems and retry.","errors":[{"message":"Compute Engine API has not been used in project 319750794100 before or it is disabled. Enable it by visiting https://console.developers.google.com/apis/api/compute.googleapis.com/overview?project=319750794100 then retry. If you enabled this API recently, wait a few minutes for the action to propagate to our systems and retry.","domain":"usageLimits","reason":"accessNotConfigured","extendedHelp":"https://console.developers.google.com"}],"status":"PERMISSION_DENIED","details":[{"@type":"type.googleapis.com/google.rpc.ErrorInfo","reason":"SERVICE_DISABLED","domain":"googleapis.com","metadata":{"consumer":"projects/319750794100","serviceTitle":"Compute Engine API","activationUrl":"https://console.developers.google.com/apis/api/compute.googleapis.com/overview?project=319750794100","containerInfo":"319750794100","service":"compute.googleapis.com"}},{"@type":"type.googleapis.com/google.rpc.LocalizedMessage","locale":"en-US","message":"Compute Engine API has not been used in project 319750794100 before or it is disabled. Enable it by visiting https://console.developers.google.com/apis/api/compute.googleapis.com/overview?project=319750794100 then retry. If you enabled this API recently, wait a few minutes for the action to propagate to our systems and retry."},{"@type":"type.googleapis.com/google.rpc.Help","links":[{"description":"Google developers console API activation","url":"https://console.developers.google.com/apis/api/compute.googleapis.com/overview?project=319750794100"}]}]}}
[debug] [2026-01-29T03:43:00.912Z] unable to look up default compute service account. Falling back to 319750794100-compute@developer.gserviceaccount.com. Error: {"name":"FirebaseError","children":[],"context":{"body":{"error":{"code":403,"message":"Compute Engine API has not been used in project 319750794100 before or it is disabled. Enable it by visiting https://console.developers.google.com/apis/api/compute.googleapis.com/overview?project=319750794100 then retry. If you enabled this API recently, wait a few minutes for the action to propagate to our systems and retry.","errors":[{"message":"Compute Engine API has not been used in project 319750794100 before or it is disabled. Enable it by visiting https://console.developers.google.com/apis/api/compute.googleapis.com/overview?project=319750794100 then retry. If you enabled this API recently, wait a few minutes for the action to propagate to our systems and retry.","domain":"usageLimits","reason":"accessNotConfigured","extendedHelp":"https://console.developers.google.com"}],"status":"PERMISSION_DENIED","details":[{"@type":"type.googleapis.com/google.rpc.ErrorInfo","reason":"SERVICE_DISABLED","domain":"googleapis.com","metadata":{"consumer":"projects/319750794100","serviceTitle":"Compute Engine API","activationUrl":"https://console.developers.google.com/apis/api/compute.googleapis.com/overview?project=319750794100","containerInfo":"319750794100","service":"compute.googleapis.com"}},{"@type":"type.googleapis.com/google.rpc.LocalizedMessage","locale":"en-US","message":"Compute Engine API has not been used in project 319750794100 before or it is disabled. Enable it by visiting https://console.developers.google.com/apis/api/compute.googleapis.com/overview?project=319750794100 then retry. If you enabled this API recently, wait a few minutes for the action to propagate to our systems and retry."},{"@type":"type.googleapis.com/google.rpc.Help","links":[{"description":"Google developers console API activation","url":"https://console.developers.google.com/apis/api/compute.googleapis.com/overview?project=319750794100"}]}]}},"response":{"statusCode":403}},"exit":1,"message":"Request to https://compute.googleapis.com/compute/v1/projects/319750794100 had HTTP Error: 403, Compute Engine API has not been used in project 319750794100 before or it is disabled. Enable it by visiting https://console.developers.google.com/apis/api/compute.googleapis.com/overview?project=319750794100 then retry. If you enabled this API recently, wait a few minutes for the action to propagate to our systems and retry.","status":403}
[debug] [2026-01-29T03:43:00.913Z] Checked if tokens are valid: true, expires at: 1769659583916
[debug] [2026-01-29T03:43:00.913Z] Checked if tokens are valid: true, expires at: 1769659583916
[debug] [2026-01-29T03:43:00.913Z] >>> [apiv2][query] GET https://cloudbilling.googleapis.com/v1/projects/hongson-cisa/billingInfo [none]
[debug] [2026-01-29T03:43:02.356Z] <<< [apiv2][status] GET https://cloudbilling.googleapis.com/v1/projects/hongson-cisa/billingInfo 200
[debug] [2026-01-29T03:43:02.357Z] <<< [apiv2][body] GET https://cloudbilling.googleapis.com/v1/projects/hongson-cisa/billingInfo {"name":"projects/hongson-cisa/billingInfo","projectId":"hongson-cisa","billingAccountName":"billingAccounts/011D60-7CBDC2-74AA9D","billingEnabled":true}
[debug] [2026-01-29T03:43:02.358Z] Checked if tokens are valid: true, expires at: 1769659583916
[debug] [2026-01-29T03:43:02.358Z] Checked if tokens are valid: true, expires at: 1769659583916
[debug] [2026-01-29T03:43:02.358Z] >>> [apiv2][query] POST https://cloudfunctions.googleapis.com/v2/projects/hongson-cisa/locations/us-central1/functions:generateUploadUrl [none]
[debug] [2026-01-29T03:43:03.764Z] <<< [apiv2][status] POST https://cloudfunctions.googleapis.com/v2/projects/hongson-cisa/locations/us-central1/functions:generateUploadUrl 200
[debug] [2026-01-29T03:43:03.764Z] <<< [apiv2][body] POST https://cloudfunctions.googleapis.com/v2/projects/hongson-cisa/locations/us-central1/functions:generateUploadUrl {"uploadUrl":"https://storage.googleapis.com/gcf-v2-uploads-319750794100.us-central1.cloudfunctions.appspot.com/51073377-40d5-435f-9623-ff5eefdf0c9b.zip?GoogleAccessId=service-319750794100@gcf-admin-robot.iam.gserviceaccount.com&Expires=1769659983&Signature=lMvlh03W0dFBAVqsskCPVMmtoqG9jcZNV0QRBU3RFlp2OYSH4Vsh4bHJfoCD3atlTaSETr4YaOVdN%2BiDsaU3dkyYG4%2BoK%2Fcnko4buXIdW1a5uRYE3HKAGYAAfNBditAZNzh4W6%2BlyyImrVeLDqDVUDUSqntJjQob9iJH3ErHXXb6NjUKV2Ji6PnJNTgoLztqMjR16jnm0gj4yMtz3x65tgLJanGotwWFHn%2FzD%2BGIUbYMoHh3NBHS1UqU9E0D5NLDad0DhEk5VfIDRndFUsQZJ4zyXOFvlSS%2FCoQ0bAZSwu5rCATZ31b9%2FTTGJQFvuMsXdhD%2Bz8qvn1vFjNtLVaheIw%3D%3D","storageSource":{"bucket":"gcf-v2-uploads-319750794100.us-central1.cloudfunctions.appspot.com","object":"51073377-40d5-435f-9623-ff5eefdf0c9b.zip"}}
[debug] [2026-01-29T03:43:03.765Z] >>> [apiv2][query] PUT https://storage.googleapis.com/gcf-v2-uploads-319750794100.us-central1.cloudfunctions.appspot.com/51073377-40d5-435f-9623-ff5eefdf0c9b.zip GoogleAccessId=service-319750794100%40gcf-admin-robot.iam.gserviceaccount.com&Expires=1769659983&Signature=lMvlh03W0dFBAVqsskCPVMmtoqG9jcZNV0QRBU3RFlp2OYSH4Vsh4bHJfoCD3atlTaSETr4YaOVdN%2BiDsaU3dkyYG4%2BoK%2Fcnko4buXIdW1a5uRYE3HKAGYAAfNBditAZNzh4W6%2BlyyImrVeLDqDVUDUSqntJjQob9iJH3ErHXXb6NjUKV2Ji6PnJNTgoLztqMjR16jnm0gj4yMtz3x65tgLJanGotwWFHn%2FzD%2BGIUbYMoHh3NBHS1UqU9E0D5NLDad0DhEk5VfIDRndFUsQZJ4zyXOFvlSS%2FCoQ0bAZSwu5rCATZ31b9%2FTTGJQFvuMsXdhD%2Bz8qvn1vFjNtLVaheIw%3D%3D
[debug] [2026-01-29T03:43:03.765Z] >>> [apiv2][body] PUT https://storage.googleapis.com/gcf-v2-uploads-319750794100.us-central1.cloudfunctions.appspot.com/51073377-40d5-435f-9623-ff5eefdf0c9b.zip [stream]
[debug] [2026-01-29T03:43:05.601Z] <<< [apiv2][status] PUT https://storage.googleapis.com/gcf-v2-uploads-319750794100.us-central1.cloudfunctions.appspot.com/51073377-40d5-435f-9623-ff5eefdf0c9b.zip 200
[debug] [2026-01-29T03:43:05.601Z] <<< [apiv2][body] PUT https://storage.googleapis.com/gcf-v2-uploads-319750794100.us-central1.cloudfunctions.appspot.com/51073377-40d5-435f-9623-ff5eefdf0c9b.zip [omitted]
[info] +  functions: functions source uploaded successfully 
[info] i  functions: creating Node.js 24 (2nd Gen) function sendGradedEmail(us-central1)... 
[info] i  functions: updating Node.js 24 (2nd Gen) function gradeExamBatch(us-central1)... 
[debug] [2026-01-29T03:43:05.608Z] Checked if tokens are valid: true, expires at: 1769659583916
[debug] [2026-01-29T03:43:05.608Z] Checked if tokens are valid: true, expires at: 1769659583916
[debug] [2026-01-29T03:43:05.608Z] Checked if tokens are valid: true, expires at: 1769659583916
[debug] [2026-01-29T03:43:05.608Z] Checked if tokens are valid: true, expires at: 1769659583916
[debug] [2026-01-29T03:43:05.608Z] >>> [apiv2][query] POST https://cloudfunctions.googleapis.com/v2/projects/hongson-cisa/locations/us-central1/functions functionId=sendGradedEmail
[debug] [2026-01-29T03:43:05.609Z] >>> [apiv2][body] POST https://cloudfunctions.googleapis.com/v2/projects/hongson-cisa/locations/us-central1/functions {"name":"projects/hongson-cisa/locations/us-central1/functions/sendGradedEmail","buildConfig":{"runtime":"nodejs24","entryPoint":"sendGradedEmail","source":{"storageSource":{"bucket":"gcf-v2-uploads-319750794100.us-central1.cloudfunctions.appspot.com","object":"51073377-40d5-435f-9623-ff5eefdf0c9b.zip"}},"environmentVariables":{"GOOGLE_NODE_RUN_SCRIPTS":""}},"serviceConfig":{"environmentVariables":{"FIREBASE_CONFIG":"{\"projectId\":\"hongson-cisa\",\"storageBucket\":\"hongson-cisa.firebasestorage.app\"}","GCLOUD_PROJECT":"hongson-cisa","EVENTARC_CLOUD_EVENT_SOURCE":"projects/hongson-cisa/locations/us-central1/services/sendGradedEmail","FUNCTION_SIGNATURE_TYPE":"cloudevent","FUNCTION_TARGET":"sendGradedEmail","LOG_EXECUTION_ID":"true"},"ingressSettings":null,"timeoutSeconds":null,"serviceAccountEmail":null,"availableMemory":"256Mi","minInstanceCount":null,"maxInstanceCount":null,"maxInstanceRequestConcurrency":80,"availableCpu":"1","vpcConnector":null,"vpcConnectorEgressSettings":null},"labels":{"deployment-tool":"cli-firebase","firebase-functions-hash":"0eda0c877a23cea76a7b0267ba7ed5e7d28e2599"},"eventTrigger":{"eventType":"google.cloud.firestore.document.v1.updated","retryPolicy":"RETRY_POLICY_DO_NOT_RETRY","eventFilters":[{"attribute":"database","value":"(default)"},{"attribute":"namespace","value":"(default)"},{"attribute":"document","value":"submissions/{submissionId}","operator":"match-path-pattern"}],"triggerRegion":"asia-southeast1"}}
[debug] [2026-01-29T03:43:05.609Z] >>> [apiv2][query] PATCH https://cloudfunctions.googleapis.com/v2/projects/hongson-cisa/locations/us-central1/functions/gradeExamBatch updateMask=name%2CbuildConfig.runtime%2CbuildConfig.entryPoint%2CbuildConfig.source.storageSource.bucket%2CbuildConfig.source.storageSource.object%2CbuildConfig.environmentVariables%2CbuildConfig.sourceToken%2CserviceConfig.environmentVariables%2CserviceConfig.ingressSettings%2CserviceConfig.timeoutSeconds%2CserviceConfig.serviceAccountEmail%2CserviceConfig.availableMemory%2CserviceConfig.minInstanceCount%2CserviceConfig.maxInstanceCount%2CserviceConfig.maxInstanceRequestConcurrency%2CserviceConfig.availableCpu%2CserviceConfig.vpcConnector%2CserviceConfig.vpcConnectorEgressSettings%2Clabels
[debug] [2026-01-29T03:43:05.612Z] >>> [apiv2][body] PATCH https://cloudfunctions.googleapis.com/v2/projects/hongson-cisa/locations/us-central1/functions/gradeExamBatch {"name":"projects/hongson-cisa/locations/us-central1/functions/gradeExamBatch","buildConfig":{"runtime":"nodejs24","entryPoint":"gradeExamBatch","source":{"storageSource":{"bucket":"gcf-v2-uploads-319750794100.us-central1.cloudfunctions.appspot.com","object":"51073377-40d5-435f-9623-ff5eefdf0c9b.zip"}},"environmentVariables":{"GOOGLE_NODE_RUN_SCRIPTS":""}},"serviceConfig":{"environmentVariables":{"FIREBASE_CONFIG":"{\"projectId\":\"hongson-cisa\",\"storageBucket\":\"hongson-cisa.firebasestorage.app\"}","GCLOUD_PROJECT":"hongson-cisa","EVENTARC_CLOUD_EVENT_SOURCE":"projects/hongson-cisa/locations/us-central1/services/gradeExamBatch","FUNCTION_TARGET":"gradeExamBatch","LOG_EXECUTION_ID":"true"},"ingressSettings":null,"timeoutSeconds":300,"serviceAccountEmail":null,"availableMemory":"1024Mi","minInstanceCount":null,"maxInstanceCount":null,"maxInstanceRequestConcurrency":80,"availableCpu":"1","vpcConnector":null,"vpcConnectorEgressSettings":null},"labels":{"deployment-tool":"cli-firebase","deployment-callable":"true","firebase-functions-hash":"0eda0c877a23cea76a7b0267ba7ed5e7d28e2599"}}
[debug] [2026-01-29T03:43:07.602Z] <<< [apiv2][status] PATCH https://cloudfunctions.googleapis.com/v2/projects/hongson-cisa/locations/us-central1/functions/gradeExamBatch 200
[debug] [2026-01-29T03:43:07.603Z] <<< [apiv2][body] PATCH https://cloudfunctions.googleapis.com/v2/projects/hongson-cisa/locations/us-central1/functions/gradeExamBatch {"name":"projects/hongson-cisa/locations/us-central1/operations/operation-1769658187003-6497ea79c3651-a80109e3-08d84e5f","metadata":{"@type":"type.googleapis.com/google.cloud.functions.v2.OperationMetadata","createTime":"2026-01-29T03:43:07.697691087Z","target":"projects/hongson-cisa/locations/us-central1/functions/gradeExamBatch","verb":"update","cancelRequested":false,"apiVersion":"v2"},"done":false}
[debug] [2026-01-29T03:43:07.604Z] Checked if tokens are valid: true, expires at: 1769659583916
[debug] [2026-01-29T03:43:07.604Z] Checked if tokens are valid: true, expires at: 1769659583916
[debug] [2026-01-29T03:43:07.604Z] >>> [apiv2][query] GET https://cloudfunctions.googleapis.com/v2/projects/hongson-cisa/locations/us-central1/operations/operation-1769658187003-6497ea79c3651-a80109e3-08d84e5f [none]
[debug] [2026-01-29T03:43:08.915Z] <<< [apiv2][status] GET https://cloudfunctions.googleapis.com/v2/projects/hongson-cisa/locations/us-central1/operations/operation-1769658187003-6497ea79c3651-a80109e3-08d84e5f 200
[debug] [2026-01-29T03:43:08.915Z] <<< [apiv2][body] GET https://cloudfunctions.googleapis.com/v2/projects/hongson-cisa/locations/us-central1/operations/operation-1769658187003-6497ea79c3651-a80109e3-08d84e5f {"name":"projects/hongson-cisa/locations/us-central1/operations/operation-1769658187003-6497ea79c3651-a80109e3-08d84e5f","metadata":{"@type":"type.googleapis.com/google.cloud.functions.v2.OperationMetadata","createTime":"2026-01-29T03:43:07.697691087Z","target":"projects/hongson-cisa/locations/us-central1/functions/gradeExamBatch","verb":"update","cancelRequested":false,"apiVersion":"v2","requestResource":{"@type":"type.googleapis.com/google.cloud.functions.v2.Function","name":"projects/hongson-cisa/locations/us-central1/functions/gradeExamBatch","buildConfig":{"runtime":"nodejs24","entryPoint":"gradeExamBatch","source":{"storageSource":{"bucket":"gcf-v2-sources-319750794100-us-central1","object":"gradeExamBatch/function-source.zip","generation":"1769658187656439"}},"environmentVariables":{"GOOGLE_NODE_RUN_SCRIPTS":""},"dockerRepository":"projects/hongson-cisa/locations/us-central1/repositories/gcf-artifacts","sourceProvenance":{"resolvedStorageSource":{"bucket":"gcf-v2-sources-319750794100-us-central1","object":"gradeExamBatch/function-source.zip","generation":"1769656754534340"}},"dockerRegistry":"ARTIFACT_REGISTRY","serviceAccount":"projects/hongson-cisa/serviceAccounts/319750794100-compute@developer.gserviceaccount.com","automaticUpdatePolicy":{}},"serviceConfig":{"service":"projects/hongson-cisa/locations/us-central1/services/gradeexambatch","timeoutSeconds":300,"environmentVariables":{"FIREBASE_CONFIG":"{\"projectId\":\"hongson-cisa\",\"storageBucket\":\"hongson-cisa.firebasestorage.app\"}","GCLOUD_PROJECT":"hongson-cisa","EVENTARC_CLOUD_EVENT_SOURCE":"projects/hongson-cisa/locations/us-central1/services/gradeExamBatch","FUNCTION_TARGET":"gradeExamBatch","LOG_EXECUTION_ID":"true"},"ingressSettings":"ALLOW_ALL","uri":"https://gradeexambatch-k7zp3wcrdq-uc.a.run.app","serviceAccountEmail":"319750794100-compute@developer.gserviceaccount.com","availableMemory":"1024Mi","allTrafficOnLatestRevision":true,"revision":"gradeexambatch-00001-kiv","maxInstanceRequestConcurrency":80,"availableCpu":"1"},"state":"ACTIVE","labels":{"deployment-tool":"cli-firebase","deployment-callable":"true","firebase-functions-hash":"0eda0c877a23cea76a7b0267ba7ed5e7d28e2599"},"environment":"GEN_2","url":"https://us-central1-hongson-cisa.cloudfunctions.net/gradeExamBatch","satisfiesPzi":true},"stages":[{"name":"BUILD","message":"Build in progress","state":"IN_PROGRESS","resource":"projects/319750794100/locations/us-central1/builds/e4880808-a954-4504-993d-432a50d3db17","resourceUri":"https://console.cloud.google.com/cloud-build/builds;region=us-central1/e4880808-a954-4504-993d-432a50d3db17?project=319750794100"},{"name":"SERVICE","state":"NOT_STARTED"}],"operationType":"UPDATE_FUNCTION","buildName":"projects/319750794100/locations/us-central1/builds/e4880808-a954-4504-993d-432a50d3db17"},"done":false}
[debug] [2026-01-29T03:43:09.416Z] [update-default-us-central1-gradeExamBatch] Retrying task index 0
[debug] [2026-01-29T03:43:09.417Z] Checked if tokens are valid: true, expires at: 1769659583916
[debug] [2026-01-29T03:43:09.417Z] Checked if tokens are valid: true, expires at: 1769659583916
[debug] [2026-01-29T03:43:09.417Z] >>> [apiv2][query] GET https://cloudfunctions.googleapis.com/v2/projects/hongson-cisa/locations/us-central1/operations/operation-1769658187003-6497ea79c3651-a80109e3-08d84e5f [none]
[debug] [2026-01-29T03:43:10.637Z] <<< [apiv2][status] GET https://cloudfunctions.googleapis.com/v2/projects/hongson-cisa/locations/us-central1/operations/operation-1769658187003-6497ea79c3651-a80109e3-08d84e5f 200
[debug] [2026-01-29T03:43:10.638Z] <<< [apiv2][body] GET https://cloudfunctions.googleapis.com/v2/projects/hongson-cisa/locations/us-central1/operations/operation-1769658187003-6497ea79c3651-a80109e3-08d84e5f {"name":"projects/hongson-cisa/locations/us-central1/operations/operation-1769658187003-6497ea79c3651-a80109e3-08d84e5f","metadata":{"@type":"type.googleapis.com/google.cloud.functions.v2.OperationMetadata","createTime":"2026-01-29T03:43:07.697691087Z","target":"projects/hongson-cisa/locations/us-central1/functions/gradeExamBatch","verb":"update","cancelRequested":false,"apiVersion":"v2","requestResource":{"@type":"type.googleapis.com/google.cloud.functions.v2.Function","name":"projects/hongson-cisa/locations/us-central1/functions/gradeExamBatch","buildConfig":{"runtime":"nodejs24","entryPoint":"gradeExamBatch","source":{"storageSource":{"bucket":"gcf-v2-sources-319750794100-us-central1","object":"gradeExamBatch/function-source.zip","generation":"1769658187656439"}},"environmentVariables":{"GOOGLE_NODE_RUN_SCRIPTS":""},"dockerRepository":"projects/hongson-cisa/locations/us-central1/repositories/gcf-artifacts","sourceProvenance":{"resolvedStorageSource":{"bucket":"gcf-v2-sources-319750794100-us-central1","object":"gradeExamBatch/function-source.zip","generation":"1769656754534340"}},"dockerRegistry":"ARTIFACT_REGISTRY","serviceAccount":"projects/hongson-cisa/serviceAccounts/319750794100-compute@developer.gserviceaccount.com","automaticUpdatePolicy":{}},"serviceConfig":{"service":"projects/hongson-cisa/locations/us-central1/services/gradeexambatch","timeoutSeconds":300,"environmentVariables":{"FIREBASE_CONFIG":"{\"projectId\":\"hongson-cisa\",\"storageBucket\":\"hongson-cisa.firebasestorage.app\"}","GCLOUD_PROJECT":"hongson-cisa","EVENTARC_CLOUD_EVENT_SOURCE":"projects/hongson-cisa/locations/us-central1/services/gradeExamBatch","FUNCTION_TARGET":"gradeExamBatch","LOG_EXECUTION_ID":"true"},"ingressSettings":"ALLOW_ALL","uri":"https://gradeexambatch-k7zp3wcrdq-uc.a.run.app","serviceAccountEmail":"319750794100-compute@developer.gserviceaccount.com","availableMemory":"1024Mi","allTrafficOnLatestRevision":true,"revision":"gradeexambatch-00001-kiv","maxInstanceRequestConcurrency":80,"availableCpu":"1"},"state":"ACTIVE","labels":{"deployment-tool":"cli-firebase","deployment-callable":"true","firebase-functions-hash":"0eda0c877a23cea76a7b0267ba7ed5e7d28e2599"},"environment":"GEN_2","url":"https://us-central1-hongson-cisa.cloudfunctions.net/gradeExamBatch","satisfiesPzi":true},"stages":[{"name":"BUILD","message":"Build in progress","state":"IN_PROGRESS","resource":"projects/319750794100/locations/us-central1/builds/e4880808-a954-4504-993d-432a50d3db17","resourceUri":"https://console.cloud.google.com/cloud-build/builds;region=us-central1/e4880808-a954-4504-993d-432a50d3db17?project=319750794100"},{"name":"SERVICE","state":"NOT_STARTED"}],"operationType":"UPDATE_FUNCTION","buildName":"projects/319750794100/locations/us-central1/builds/e4880808-a954-4504-993d-432a50d3db17"},"done":false}
[debug] [2026-01-29T03:43:11.638Z] [update-default-us-central1-gradeExamBatch] Retrying task index 0
[debug] [2026-01-29T03:43:11.639Z] Checked if tokens are valid: true, expires at: 1769659583916
[debug] [2026-01-29T03:43:11.639Z] Checked if tokens are valid: true, expires at: 1769659583916
[debug] [2026-01-29T03:43:11.639Z] >>> [apiv2][query] GET https://cloudfunctions.googleapis.com/v2/projects/hongson-cisa/locations/us-central1/operations/operation-1769658187003-6497ea79c3651-a80109e3-08d84e5f [none]
[debug] [2026-01-29T03:43:12.924Z] <<< [apiv2][status] GET https://cloudfunctions.googleapis.com/v2/projects/hongson-cisa/locations/us-central1/operations/operation-1769658187003-6497ea79c3651-a80109e3-08d84e5f 200
[debug] [2026-01-29T03:43:12.924Z] <<< [apiv2][body] GET https://cloudfunctions.googleapis.com/v2/projects/hongson-cisa/locations/us-central1/operations/operation-1769658187003-6497ea79c3651-a80109e3-08d84e5f {"name":"projects/hongson-cisa/locations/us-central1/operations/operation-1769658187003-6497ea79c3651-a80109e3-08d84e5f","metadata":{"@type":"type.googleapis.com/google.cloud.functions.v2.OperationMetadata","createTime":"2026-01-29T03:43:07.697691087Z","target":"projects/hongson-cisa/locations/us-central1/functions/gradeExamBatch","verb":"update","cancelRequested":false,"apiVersion":"v2","requestResource":{"@type":"type.googleapis.com/google.cloud.functions.v2.Function","name":"projects/hongson-cisa/locations/us-central1/functions/gradeExamBatch","buildConfig":{"runtime":"nodejs24","entryPoint":"gradeExamBatch","source":{"storageSource":{"bucket":"gcf-v2-sources-319750794100-us-central1","object":"gradeExamBatch/function-source.zip","generation":"1769658187656439"}},"environmentVariables":{"GOOGLE_NODE_RUN_SCRIPTS":""},"dockerRepository":"projects/hongson-cisa/locations/us-central1/repositories/gcf-artifacts","sourceProvenance":{"resolvedStorageSource":{"bucket":"gcf-v2-sources-319750794100-us-central1","object":"gradeExamBatch/function-source.zip","generation":"1769656754534340"}},"dockerRegistry":"ARTIFACT_REGISTRY","serviceAccount":"projects/hongson-cisa/serviceAccounts/319750794100-compute@developer.gserviceaccount.com","automaticUpdatePolicy":{}},"serviceConfig":{"service":"projects/hongson-cisa/locations/us-central1/services/gradeexambatch","timeoutSeconds":300,"environmentVariables":{"FIREBASE_CONFIG":"{\"projectId\":\"hongson-cisa\",\"storageBucket\":\"hongson-cisa.firebasestorage.app\"}","GCLOUD_PROJECT":"hongson-cisa","EVENTARC_CLOUD_EVENT_SOURCE":"projects/hongson-cisa/locations/us-central1/services/gradeExamBatch","FUNCTION_TARGET":"gradeExamBatch","LOG_EXECUTION_ID":"true"},"ingressSettings":"ALLOW_ALL","uri":"https://gradeexambatch-k7zp3wcrdq-uc.a.run.app","serviceAccountEmail":"319750794100-compute@developer.gserviceaccount.com","availableMemory":"1024Mi","allTrafficOnLatestRevision":true,"revision":"gradeexambatch-00001-kiv","maxInstanceRequestConcurrency":80,"availableCpu":"1"},"state":"ACTIVE","labels":{"deployment-tool":"cli-firebase","deployment-callable":"true","firebase-functions-hash":"0eda0c877a23cea76a7b0267ba7ed5e7d28e2599"},"environment":"GEN_2","url":"https://us-central1-hongson-cisa.cloudfunctions.net/gradeExamBatch","satisfiesPzi":true},"stages":[{"name":"BUILD","message":"Build in progress","state":"IN_PROGRESS","resource":"projects/319750794100/locations/us-central1/builds/e4880808-a954-4504-993d-432a50d3db17","resourceUri":"https://console.cloud.google.com/cloud-build/builds;region=us-central1/e4880808-a954-4504-993d-432a50d3db17?project=319750794100"},{"name":"SERVICE","state":"NOT_STARTED"}],"operationType":"UPDATE_FUNCTION","buildName":"projects/319750794100/locations/us-central1/builds/e4880808-a954-4504-993d-432a50d3db17"},"done":false}
[debug] [2026-01-29T03:43:14.926Z] [update-default-us-central1-gradeExamBatch] Retrying task index 0
[debug] [2026-01-29T03:43:14.927Z] Checked if tokens are valid: true, expires at: 1769659583916
[debug] [2026-01-29T03:43:14.927Z] Checked if tokens are valid: true, expires at: 1769659583916
[debug] [2026-01-29T03:43:14.927Z] >>> [apiv2][query] GET https://cloudfunctions.googleapis.com/v2/projects/hongson-cisa/locations/us-central1/operations/operation-1769658187003-6497ea79c3651-a80109e3-08d84e5f [none]
[debug] [2026-01-29T03:43:16.149Z] <<< [apiv2][status] GET https://cloudfunctions.googleapis.com/v2/projects/hongson-cisa/locations/us-central1/operations/operation-1769658187003-6497ea79c3651-a80109e3-08d84e5f 200
[debug] [2026-01-29T03:43:16.149Z] <<< [apiv2][body] GET https://cloudfunctions.googleapis.com/v2/projects/hongson-cisa/locations/us-central1/operations/operation-1769658187003-6497ea79c3651-a80109e3-08d84e5f {"name":"projects/hongson-cisa/locations/us-central1/operations/operation-1769658187003-6497ea79c3651-a80109e3-08d84e5f","metadata":{"@type":"type.googleapis.com/google.cloud.functions.v2.OperationMetadata","createTime":"2026-01-29T03:43:07.697691087Z","target":"projects/hongson-cisa/locations/us-central1/functions/gradeExamBatch","verb":"update","cancelRequested":false,"apiVersion":"v2","requestResource":{"@type":"type.googleapis.com/google.cloud.functions.v2.Function","name":"projects/hongson-cisa/locations/us-central1/functions/gradeExamBatch","buildConfig":{"runtime":"nodejs24","entryPoint":"gradeExamBatch","source":{"storageSource":{"bucket":"gcf-v2-sources-319750794100-us-central1","object":"gradeExamBatch/function-source.zip","generation":"1769658187656439"}},"environmentVariables":{"GOOGLE_NODE_RUN_SCRIPTS":""},"dockerRepository":"projects/hongson-cisa/locations/us-central1/repositories/gcf-artifacts","sourceProvenance":{"resolvedStorageSource":{"bucket":"gcf-v2-sources-319750794100-us-central1","object":"gradeExamBatch/function-source.zip","generation":"1769656754534340"}},"dockerRegistry":"ARTIFACT_REGISTRY","serviceAccount":"projects/hongson-cisa/serviceAccounts/319750794100-compute@developer.gserviceaccount.com","automaticUpdatePolicy":{}},"serviceConfig":{"service":"projects/hongson-cisa/locations/us-central1/services/gradeexambatch","timeoutSeconds":300,"environmentVariables":{"FIREBASE_CONFIG":"{\"projectId\":\"hongson-cisa\",\"storageBucket\":\"hongson-cisa.firebasestorage.app\"}","GCLOUD_PROJECT":"hongson-cisa","EVENTARC_CLOUD_EVENT_SOURCE":"projects/hongson-cisa/locations/us-central1/services/gradeExamBatch","FUNCTION_TARGET":"gradeExamBatch","LOG_EXECUTION_ID":"true"},"ingressSettings":"ALLOW_ALL","uri":"https://gradeexambatch-k7zp3wcrdq-uc.a.run.app","serviceAccountEmail":"319750794100-compute@developer.gserviceaccount.com","availableMemory":"1024Mi","allTrafficOnLatestRevision":true,"revision":"gradeexambatch-00001-kiv","maxInstanceRequestConcurrency":80,"availableCpu":"1"},"state":"ACTIVE","labels":{"deployment-tool":"cli-firebase","deployment-callable":"true","firebase-functions-hash":"0eda0c877a23cea76a7b0267ba7ed5e7d28e2599"},"environment":"GEN_2","url":"https://us-central1-hongson-cisa.cloudfunctions.net/gradeExamBatch","satisfiesPzi":true},"stages":[{"name":"BUILD","message":"Build in progress","state":"IN_PROGRESS","resource":"projects/319750794100/locations/us-central1/builds/e4880808-a954-4504-993d-432a50d3db17","resourceUri":"https://console.cloud.google.com/cloud-build/builds;region=us-central1/e4880808-a954-4504-993d-432a50d3db17?project=319750794100"},{"name":"SERVICE","state":"NOT_STARTED"}],"operationType":"UPDATE_FUNCTION","buildName":"projects/319750794100/locations/us-central1/builds/e4880808-a954-4504-993d-432a50d3db17"},"done":false}
[debug] [2026-01-29T03:43:20.150Z] [update-default-us-central1-gradeExamBatch] Retrying task index 0
[debug] [2026-01-29T03:43:20.150Z] Checked if tokens are valid: true, expires at: 1769659583916
[debug] [2026-01-29T03:43:20.150Z] Checked if tokens are valid: true, expires at: 1769659583916
[debug] [2026-01-29T03:43:20.151Z] >>> [apiv2][query] GET https://cloudfunctions.googleapis.com/v2/projects/hongson-cisa/locations/us-central1/operations/operation-1769658187003-6497ea79c3651-a80109e3-08d84e5f [none]
[debug] [2026-01-29T03:43:21.410Z] <<< [apiv2][status] GET https://cloudfunctions.googleapis.com/v2/projects/hongson-cisa/locations/us-central1/operations/operation-1769658187003-6497ea79c3651-a80109e3-08d84e5f 200
[debug] [2026-01-29T03:43:21.411Z] <<< [apiv2][body] GET https://cloudfunctions.googleapis.com/v2/projects/hongson-cisa/locations/us-central1/operations/operation-1769658187003-6497ea79c3651-a80109e3-08d84e5f {"name":"projects/hongson-cisa/locations/us-central1/operations/operation-1769658187003-6497ea79c3651-a80109e3-08d84e5f","metadata":{"@type":"type.googleapis.com/google.cloud.functions.v2.OperationMetadata","createTime":"2026-01-29T03:43:07.697691087Z","target":"projects/hongson-cisa/locations/us-central1/functions/gradeExamBatch","verb":"update","cancelRequested":false,"apiVersion":"v2","requestResource":{"@type":"type.googleapis.com/google.cloud.functions.v2.Function","name":"projects/hongson-cisa/locations/us-central1/functions/gradeExamBatch","buildConfig":{"runtime":"nodejs24","entryPoint":"gradeExamBatch","source":{"storageSource":{"bucket":"gcf-v2-sources-319750794100-us-central1","object":"gradeExamBatch/function-source.zip","generation":"1769658187656439"}},"environmentVariables":{"GOOGLE_NODE_RUN_SCRIPTS":""},"dockerRepository":"projects/hongson-cisa/locations/us-central1/repositories/gcf-artifacts","sourceProvenance":{"resolvedStorageSource":{"bucket":"gcf-v2-sources-319750794100-us-central1","object":"gradeExamBatch/function-source.zip","generation":"1769656754534340"}},"dockerRegistry":"ARTIFACT_REGISTRY","serviceAccount":"projects/hongson-cisa/serviceAccounts/319750794100-compute@developer.gserviceaccount.com","automaticUpdatePolicy":{}},"serviceConfig":{"service":"projects/hongson-cisa/locations/us-central1/services/gradeexambatch","timeoutSeconds":300,"environmentVariables":{"FIREBASE_CONFIG":"{\"projectId\":\"hongson-cisa\",\"storageBucket\":\"hongson-cisa.firebasestorage.app\"}","GCLOUD_PROJECT":"hongson-cisa","EVENTARC_CLOUD_EVENT_SOURCE":"projects/hongson-cisa/locations/us-central1/services/gradeExamBatch","FUNCTION_TARGET":"gradeExamBatch","LOG_EXECUTION_ID":"true"},"ingressSettings":"ALLOW_ALL","uri":"https://gradeexambatch-k7zp3wcrdq-uc.a.run.app","serviceAccountEmail":"319750794100-compute@developer.gserviceaccount.com","availableMemory":"1024Mi","allTrafficOnLatestRevision":true,"revision":"gradeexambatch-00001-kiv","maxInstanceRequestConcurrency":80,"availableCpu":"1"},"state":"ACTIVE","labels":{"deployment-tool":"cli-firebase","deployment-callable":"true","firebase-functions-hash":"0eda0c877a23cea76a7b0267ba7ed5e7d28e2599"},"environment":"GEN_2","url":"https://us-central1-hongson-cisa.cloudfunctions.net/gradeExamBatch","satisfiesPzi":true},"stages":[{"name":"BUILD","message":"Build in progress","state":"IN_PROGRESS","resource":"projects/319750794100/locations/us-central1/builds/e4880808-a954-4504-993d-432a50d3db17","resourceUri":"https://console.cloud.google.com/cloud-build/builds;region=us-central1/e4880808-a954-4504-993d-432a50d3db17?project=319750794100"},{"name":"SERVICE","state":"NOT_STARTED"}],"operationType":"UPDATE_FUNCTION","buildName":"projects/319750794100/locations/us-central1/builds/e4880808-a954-4504-993d-432a50d3db17"},"done":false}
[debug] [2026-01-29T03:43:23.559Z] <<< [apiv2][status] POST https://cloudfunctions.googleapis.com/v2/projects/hongson-cisa/locations/us-central1/functions 400
[debug] [2026-01-29T03:43:23.559Z] <<< [apiv2][body] POST https://cloudfunctions.googleapis.com/v2/projects/hongson-cisa/locations/us-central1/functions {"error":{"code":400,"message":"Validation failed for trigger projects/hongson-cisa/locations/asia-southeast1/triggers/sendgradedemail-818636: Invalid resource state for \"\": Permission denied while using the Eventarc Service Agent. If you recently started to use Eventarc, it may take a few minutes before all necessary permissions are propagated to the Service Agent. Otherwise, verify that it has Eventarc Service Agent role.","status":"FAILED_PRECONDITION"}}
[warn] !  functions: Request to https://cloudfunctions.googleapis.com/v2/projects/hongson-cisa/locations/us-central1/functions?functionId=sendGradedEmail had HTTP Error: 400, Validation failed for trigger projects/hongson-cisa/locations/asia-southeast1/triggers/sendgradedemail-818636: Invalid resource state for "": Permission denied while using the Eventarc Service Agent. If you recently started to use Eventarc, it may take a few minutes before all necessary permissions are propagated to the Service Agent. Otherwise, verify that it has Eventarc Service Agent role. 
[warn] !  functions: Since this is your first time using 2nd gen functions, we need a little bit longer to finish setting everything up. Retry the deployment in a few minutes. 
[warn] !  functions:  failed to create function projects/hongson-cisa/locations/us-central1/functions/sendGradedEmail 
[error] Failed to create function projects/hongson-cisa/locations/us-central1/functions/sendGradedEmail
[debug] [2026-01-29T03:43:29.412Z] [update-default-us-central1-gradeExamBatch] Retrying task index 0
[debug] [2026-01-29T03:43:29.412Z] Checked if tokens are valid: true, expires at: 1769659583916
[debug] [2026-01-29T03:43:29.412Z] Checked if tokens are valid: true, expires at: 1769659583916
[debug] [2026-01-29T03:43:29.412Z] >>> [apiv2][query] GET https://cloudfunctions.googleapis.com/v2/projects/hongson-cisa/locations/us-central1/operations/operation-1769658187003-6497ea79c3651-a80109e3-08d84e5f [none]
[debug] [2026-01-29T03:43:30.713Z] <<< [apiv2][status] GET https://cloudfunctions.googleapis.com/v2/projects/hongson-cisa/locations/us-central1/operations/operation-1769658187003-6497ea79c3651-a80109e3-08d84e5f 200
[debug] [2026-01-29T03:43:30.713Z] <<< [apiv2][body] GET https://cloudfunctions.googleapis.com/v2/projects/hongson-cisa/locations/us-central1/operations/operation-1769658187003-6497ea79c3651-a80109e3-08d84e5f {"name":"projects/hongson-cisa/locations/us-central1/operations/operation-1769658187003-6497ea79c3651-a80109e3-08d84e5f","metadata":{"@type":"type.googleapis.com/google.cloud.functions.v2.OperationMetadata","createTime":"2026-01-29T03:43:07.697691087Z","target":"projects/hongson-cisa/locations/us-central1/functions/gradeExamBatch","verb":"update","cancelRequested":false,"apiVersion":"v2","requestResource":{"@type":"type.googleapis.com/google.cloud.functions.v2.Function","name":"projects/hongson-cisa/locations/us-central1/functions/gradeExamBatch","buildConfig":{"runtime":"nodejs24","entryPoint":"gradeExamBatch","source":{"storageSource":{"bucket":"gcf-v2-sources-319750794100-us-central1","object":"gradeExamBatch/function-source.zip","generation":"1769658187656439"}},"environmentVariables":{"GOOGLE_NODE_RUN_SCRIPTS":""},"dockerRepository":"projects/hongson-cisa/locations/us-central1/repositories/gcf-artifacts","sourceProvenance":{"resolvedStorageSource":{"bucket":"gcf-v2-sources-319750794100-us-central1","object":"gradeExamBatch/function-source.zip","generation":"1769656754534340"}},"dockerRegistry":"ARTIFACT_REGISTRY","serviceAccount":"projects/hongson-cisa/serviceAccounts/319750794100-compute@developer.gserviceaccount.com","automaticUpdatePolicy":{}},"serviceConfig":{"service":"projects/hongson-cisa/locations/us-central1/services/gradeexambatch","timeoutSeconds":300,"environmentVariables":{"FIREBASE_CONFIG":"{\"projectId\":\"hongson-cisa\",\"storageBucket\":\"hongson-cisa.firebasestorage.app\"}","GCLOUD_PROJECT":"hongson-cisa","EVENTARC_CLOUD_EVENT_SOURCE":"projects/hongson-cisa/locations/us-central1/services/gradeExamBatch","FUNCTION_TARGET":"gradeExamBatch","LOG_EXECUTION_ID":"true"},"ingressSettings":"ALLOW_ALL","uri":"https://gradeexambatch-k7zp3wcrdq-uc.a.run.app","serviceAccountEmail":"319750794100-compute@developer.gserviceaccount.com","availableMemory":"1024Mi","allTrafficOnLatestRevision":true,"revision":"gradeexambatch-00001-kiv","maxInstanceRequestConcurrency":80,"availableCpu":"1"},"state":"ACTIVE","labels":{"deployment-tool":"cli-firebase","deployment-callable":"true","firebase-functions-hash":"0eda0c877a23cea76a7b0267ba7ed5e7d28e2599"},"environment":"GEN_2","url":"https://us-central1-hongson-cisa.cloudfunctions.net/gradeExamBatch","satisfiesPzi":true},"stages":[{"name":"BUILD","message":"Build in progress","state":"IN_PROGRESS","resource":"projects/319750794100/locations/us-central1/builds/e4880808-a954-4504-993d-432a50d3db17","resourceUri":"https://console.cloud.google.com/cloud-build/builds;region=us-central1/e4880808-a954-4504-993d-432a50d3db17?project=319750794100"},{"name":"SERVICE","state":"NOT_STARTED"}],"operationType":"UPDATE_FUNCTION","buildName":"projects/319750794100/locations/us-central1/builds/e4880808-a954-4504-993d-432a50d3db17"},"done":false}
[debug] [2026-01-29T03:43:40.715Z] [update-default-us-central1-gradeExamBatch] Retrying task index 0
[debug] [2026-01-29T03:43:40.715Z] Checked if tokens are valid: true, expires at: 1769659583916
[debug] [2026-01-29T03:43:40.715Z] Checked if tokens are valid: true, expires at: 1769659583916
[debug] [2026-01-29T03:43:40.715Z] >>> [apiv2][query] GET https://cloudfunctions.googleapis.com/v2/projects/hongson-cisa/locations/us-central1/operations/operation-1769658187003-6497ea79c3651-a80109e3-08d84e5f [none]
[debug] [2026-01-29T03:43:42.058Z] <<< [apiv2][status] GET https://cloudfunctions.googleapis.com/v2/projects/hongson-cisa/locations/us-central1/operations/operation-1769658187003-6497ea79c3651-a80109e3-08d84e5f 200
[debug] [2026-01-29T03:43:42.058Z] <<< [apiv2][body] GET https://cloudfunctions.googleapis.com/v2/projects/hongson-cisa/locations/us-central1/operations/operation-1769658187003-6497ea79c3651-a80109e3-08d84e5f {"name":"projects/hongson-cisa/locations/us-central1/operations/operation-1769658187003-6497ea79c3651-a80109e3-08d84e5f","metadata":{"@type":"type.googleapis.com/google.cloud.functions.v2.OperationMetadata","createTime":"2026-01-29T03:43:07.697691087Z","target":"projects/hongson-cisa/locations/us-central1/functions/gradeExamBatch","verb":"update","cancelRequested":false,"apiVersion":"v2","requestResource":{"@type":"type.googleapis.com/google.cloud.functions.v2.Function","name":"projects/hongson-cisa/locations/us-central1/functions/gradeExamBatch","buildConfig":{"runtime":"nodejs24","entryPoint":"gradeExamBatch","source":{"storageSource":{"bucket":"gcf-v2-sources-319750794100-us-central1","object":"gradeExamBatch/function-source.zip","generation":"1769658187656439"}},"environmentVariables":{"GOOGLE_NODE_RUN_SCRIPTS":""},"dockerRepository":"projects/hongson-cisa/locations/us-central1/repositories/gcf-artifacts","sourceProvenance":{"resolvedStorageSource":{"bucket":"gcf-v2-sources-319750794100-us-central1","object":"gradeExamBatch/function-source.zip","generation":"1769656754534340"}},"dockerRegistry":"ARTIFACT_REGISTRY","serviceAccount":"projects/hongson-cisa/serviceAccounts/319750794100-compute@developer.gserviceaccount.com","automaticUpdatePolicy":{}},"serviceConfig":{"service":"projects/hongson-cisa/locations/us-central1/services/gradeexambatch","timeoutSeconds":300,"environmentVariables":{"FIREBASE_CONFIG":"{\"projectId\":\"hongson-cisa\",\"storageBucket\":\"hongson-cisa.firebasestorage.app\"}","GCLOUD_PROJECT":"hongson-cisa","EVENTARC_CLOUD_EVENT_SOURCE":"projects/hongson-cisa/locations/us-central1/services/gradeExamBatch","FUNCTION_TARGET":"gradeExamBatch","LOG_EXECUTION_ID":"true"},"ingressSettings":"ALLOW_ALL","uri":"https://gradeexambatch-k7zp3wcrdq-uc.a.run.app","serviceAccountEmail":"319750794100-compute@developer.gserviceaccount.com","availableMemory":"1024Mi","allTrafficOnLatestRevision":true,"revision":"gradeexambatch-00001-kiv","maxInstanceRequestConcurrency":80,"availableCpu":"1"},"state":"ACTIVE","labels":{"deployment-tool":"cli-firebase","deployment-callable":"true","firebase-functions-hash":"0eda0c877a23cea76a7b0267ba7ed5e7d28e2599"},"environment":"GEN_2","url":"https://us-central1-hongson-cisa.cloudfunctions.net/gradeExamBatch","satisfiesPzi":true},"stages":[{"name":"BUILD","message":"Build in progress","state":"IN_PROGRESS","resource":"projects/319750794100/locations/us-central1/builds/e4880808-a954-4504-993d-432a50d3db17","resourceUri":"https://console.cloud.google.com/cloud-build/builds;region=us-central1/e4880808-a954-4504-993d-432a50d3db17?project=319750794100"},{"name":"SERVICE","state":"NOT_STARTED"}],"operationType":"UPDATE_FUNCTION","buildName":"projects/319750794100/locations/us-central1/builds/e4880808-a954-4504-993d-432a50d3db17"},"done":false}
[debug] [2026-01-29T03:43:52.058Z] [update-default-us-central1-gradeExamBatch] Retrying task index 0
[debug] [2026-01-29T03:43:52.058Z] Checked if tokens are valid: true, expires at: 1769659583916
[debug] [2026-01-29T03:43:52.058Z] Checked if tokens are valid: true, expires at: 1769659583916
[debug] [2026-01-29T03:43:52.058Z] >>> [apiv2][query] GET https://cloudfunctions.googleapis.com/v2/projects/hongson-cisa/locations/us-central1/operations/operation-1769658187003-6497ea79c3651-a80109e3-08d84e5f [none]
[debug] [2026-01-29T03:43:53.448Z] <<< [apiv2][status] GET https://cloudfunctions.googleapis.com/v2/projects/hongson-cisa/locations/us-central1/operations/operation-1769658187003-6497ea79c3651-a80109e3-08d84e5f 200
[debug] [2026-01-29T03:43:53.449Z] <<< [apiv2][body] GET https://cloudfunctions.googleapis.com/v2/projects/hongson-cisa/locations/us-central1/operations/operation-1769658187003-6497ea79c3651-a80109e3-08d84e5f {"name":"projects/hongson-cisa/locations/us-central1/operations/operation-1769658187003-6497ea79c3651-a80109e3-08d84e5f","metadata":{"@type":"type.googleapis.com/google.cloud.functions.v2.OperationMetadata","createTime":"2026-01-29T03:43:07.697691087Z","target":"projects/hongson-cisa/locations/us-central1/functions/gradeExamBatch","verb":"update","cancelRequested":false,"apiVersion":"v2","requestResource":{"@type":"type.googleapis.com/google.cloud.functions.v2.Function","name":"projects/hongson-cisa/locations/us-central1/functions/gradeExamBatch","buildConfig":{"runtime":"nodejs24","entryPoint":"gradeExamBatch","source":{"storageSource":{"bucket":"gcf-v2-sources-319750794100-us-central1","object":"gradeExamBatch/function-source.zip","generation":"1769658187656439"}},"environmentVariables":{"GOOGLE_NODE_RUN_SCRIPTS":""},"dockerRepository":"projects/hongson-cisa/locations/us-central1/repositories/gcf-artifacts","sourceProvenance":{"resolvedStorageSource":{"bucket":"gcf-v2-sources-319750794100-us-central1","object":"gradeExamBatch/function-source.zip","generation":"1769656754534340"}},"dockerRegistry":"ARTIFACT_REGISTRY","serviceAccount":"projects/hongson-cisa/serviceAccounts/319750794100-compute@developer.gserviceaccount.com","automaticUpdatePolicy":{}},"serviceConfig":{"service":"projects/hongson-cisa/locations/us-central1/services/gradeexambatch","timeoutSeconds":300,"environmentVariables":{"FIREBASE_CONFIG":"{\"projectId\":\"hongson-cisa\",\"storageBucket\":\"hongson-cisa.firebasestorage.app\"}","GCLOUD_PROJECT":"hongson-cisa","EVENTARC_CLOUD_EVENT_SOURCE":"projects/hongson-cisa/locations/us-central1/services/gradeExamBatch","FUNCTION_TARGET":"gradeExamBatch","LOG_EXECUTION_ID":"true"},"ingressSettings":"ALLOW_ALL","uri":"https://gradeexambatch-k7zp3wcrdq-uc.a.run.app","serviceAccountEmail":"319750794100-compute@developer.gserviceaccount.com","availableMemory":"1024Mi","allTrafficOnLatestRevision":true,"revision":"gradeexambatch-00001-kiv","maxInstanceRequestConcurrency":80,"availableCpu":"1"},"state":"ACTIVE","labels":{"deployment-tool":"cli-firebase","deployment-callable":"true","firebase-functions-hash":"0eda0c877a23cea76a7b0267ba7ed5e7d28e2599"},"environment":"GEN_2","url":"https://us-central1-hongson-cisa.cloudfunctions.net/gradeExamBatch","satisfiesPzi":true},"stages":[{"name":"BUILD","message":"Build finished","state":"COMPLETE","resource":"projects/319750794100/locations/us-central1/builds/e4880808-a954-4504-993d-432a50d3db17","resourceUri":"https://console.cloud.google.com/cloud-build/builds;region=us-central1/e4880808-a954-4504-993d-432a50d3db17?project=319750794100"},{"name":"SERVICE","message":"Updating Cloud Run service","state":"IN_PROGRESS","resource":"projects/hongson-cisa/locations/us-central1/services/gradeexambatch","resourceUri":"https://console.cloud.google.com/run/detail/us-central1/gradeexambatch?project=hongson-cisa","stateMessages":[{"severity":"INFO","type":"CloudRunServiceNewRevisionTrafficInfo","message":"A new revision will be deployed serving with 100% traffic."}]}],"sourceToken":"Cldwcm9qZWN0cy8zMTk3NTA3OTQxMDAvbG9jYXRpb25zL3VzLWNlbnRyYWwxL2J1aWxkcy9lNDg4MDgwOC1hOTU0LTQ1MDQtOTkzZC00MzJhNTBkM2RiMTcSbXVzLWNlbnRyYWwxLWRvY2tlci5wa2cuZGV2L2hvbmdzb24tY2lzYS9nY2YtYXJ0aWZhY3RzL2hvbmdzb24tLWNpc2FfX3VzLS1jZW50cmFsMV9fZ3JhZGVfZXhhbV9iYXRjaDp2ZXJzaW9uXzEY9NaHlacJIkRwcm9qZWN0cy9ob25nc29uLWNpc2EvbG9jYXRpb25zL3VzLWNlbnRyYWwxL2Z1bmN0aW9ucy9ncmFkZUV4YW1CYXRjaCoMCPeu68sGEPjekvMBMghub2RlanMyNDp2CiNnY3IuaW8vZ2FlLXJ1bnRpbWVzL25vZGVqczI0OnN0YWJsZRJPdXMtY2VudHJhbDEtZG9ja2VyLnBrZy5kZXYvc2VydmVybGVzcy1ydW50aW1lcy9nb29nbGUtMjQtZnVsbC9ydW50aW1lcy9ub2RlanMyNEAB","operationType":"UPDATE_FUNCTION","buildName":"projects/319750794100/locations/us-central1/builds/e4880808-a954-4504-993d-432a50d3db17"},"done":false}
[debug] [2026-01-29T03:43:53.449Z] Got source token Cldwcm9qZWN0cy8zMTk3NTA3OTQxMDAvbG9jYXRpb25zL3VzLWNlbnRyYWwxL2J1aWxkcy9lNDg4MDgwOC1hOTU0LTQ1MDQtOTkzZC00MzJhNTBkM2RiMTcSbXVzLWNlbnRyYWwxLWRvY2tlci5wa2cuZGV2L2hvbmdzb24tY2lzYS9nY2YtYXJ0aWZhY3RzL2hvbmdzb24tLWNpc2FfX3VzLS1jZW50cmFsMV9fZ3JhZGVfZXhhbV9iYXRjaDp2ZXJzaW9uXzEY9NaHlacJIkRwcm9qZWN0cy9ob25nc29uLWNpc2EvbG9jYXRpb25zL3VzLWNlbnRyYWwxL2Z1bmN0aW9ucy9ncmFkZUV4YW1CYXRjaCoMCPeu68sGEPjekvMBMghub2RlanMyNDp2CiNnY3IuaW8vZ2FlLXJ1bnRpbWVzL25vZGVqczI0OnN0YWJsZRJPdXMtY2VudHJhbDEtZG9ja2VyLnBrZy5kZXYvc2VydmVybGVzcy1ydW50aW1lcy9nb29nbGUtMjQtZnVsbC9ydW50aW1lcy9ub2RlanMyNEAB for region us-central1
[debug] [2026-01-29T03:44:03.453Z] [update-default-us-central1-gradeExamBatch] Retrying task index 0
[debug] [2026-01-29T03:44:03.454Z] Checked if tokens are valid: true, expires at: 1769659583916
[debug] [2026-01-29T03:44:03.454Z] Checked if tokens are valid: true, expires at: 1769659583916
[debug] [2026-01-29T03:44:03.454Z] >>> [apiv2][query] GET https://cloudfunctions.googleapis.com/v2/projects/hongson-cisa/locations/us-central1/operations/operation-1769658187003-6497ea79c3651-a80109e3-08d84e5f [none]
[debug] [2026-01-29T03:44:04.785Z] <<< [apiv2][status] GET https://cloudfunctions.googleapis.com/v2/projects/hongson-cisa/locations/us-central1/operations/operation-1769658187003-6497ea79c3651-a80109e3-08d84e5f 200
[debug] [2026-01-29T03:44:04.785Z] <<< [apiv2][body] GET https://cloudfunctions.googleapis.com/v2/projects/hongson-cisa/locations/us-central1/operations/operation-1769658187003-6497ea79c3651-a80109e3-08d84e5f {"name":"projects/hongson-cisa/locations/us-central1/operations/operation-1769658187003-6497ea79c3651-a80109e3-08d84e5f","metadata":{"@type":"type.googleapis.com/google.cloud.functions.v2.OperationMetadata","createTime":"2026-01-29T03:43:07.697691087Z","endTime":"2026-01-29T03:44:01.305067755Z","target":"projects/hongson-cisa/locations/us-central1/functions/gradeExamBatch","verb":"update","cancelRequested":false,"apiVersion":"v2","requestResource":{"@type":"type.googleapis.com/google.cloud.functions.v2.Function","name":"projects/hongson-cisa/locations/us-central1/functions/gradeExamBatch","buildConfig":{"runtime":"nodejs24","entryPoint":"gradeExamBatch","source":{"storageSource":{"bucket":"gcf-v2-sources-319750794100-us-central1","object":"gradeExamBatch/function-source.zip","generation":"1769658187656439"}},"environmentVariables":{"GOOGLE_NODE_RUN_SCRIPTS":""},"dockerRepository":"projects/hongson-cisa/locations/us-central1/repositories/gcf-artifacts","sourceProvenance":{"resolvedStorageSource":{"bucket":"gcf-v2-sources-319750794100-us-central1","object":"gradeExamBatch/function-source.zip","generation":"1769656754534340"}},"dockerRegistry":"ARTIFACT_REGISTRY","serviceAccount":"projects/hongson-cisa/serviceAccounts/319750794100-compute@developer.gserviceaccount.com","automaticUpdatePolicy":{}},"serviceConfig":{"service":"projects/hongson-cisa/locations/us-central1/services/gradeexambatch","timeoutSeconds":300,"environmentVariables":{"FIREBASE_CONFIG":"{\"projectId\":\"hongson-cisa\",\"storageBucket\":\"hongson-cisa.firebasestorage.app\"}","GCLOUD_PROJECT":"hongson-cisa","EVENTARC_CLOUD_EVENT_SOURCE":"projects/hongson-cisa/locations/us-central1/services/gradeExamBatch","FUNCTION_TARGET":"gradeExamBatch","LOG_EXECUTION_ID":"true"},"ingressSettings":"ALLOW_ALL","uri":"https://gradeexambatch-k7zp3wcrdq-uc.a.run.app","serviceAccountEmail":"319750794100-compute@developer.gserviceaccount.com","availableMemory":"1024Mi","allTrafficOnLatestRevision":true,"revision":"gradeexambatch-00001-kiv","maxInstanceRequestConcurrency":80,"availableCpu":"1"},"state":"ACTIVE","labels":{"deployment-tool":"cli-firebase","deployment-callable":"true","firebase-functions-hash":"0eda0c877a23cea76a7b0267ba7ed5e7d28e2599"},"environment":"GEN_2","url":"https://us-central1-hongson-cisa.cloudfunctions.net/gradeExamBatch","satisfiesPzi":true},"stages":[{"name":"BUILD","message":"Build finished","state":"COMPLETE","resource":"projects/319750794100/locations/us-central1/builds/e4880808-a954-4504-993d-432a50d3db17","resourceUri":"https://console.cloud.google.com/cloud-build/builds;region=us-central1/e4880808-a954-4504-993d-432a50d3db17?project=319750794100"},{"name":"SERVICE","message":"Updating Cloud Run service","state":"COMPLETE","resource":"projects/hongson-cisa/locations/us-central1/services/gradeexambatch","resourceUri":"https://console.cloud.google.com/run/detail/us-central1/gradeexambatch?project=hongson-cisa","stateMessages":[{"severity":"INFO","type":"CloudRunServiceNewRevisionTrafficInfo","message":"A new revision will be deployed serving with 100% traffic."}]}],"sourceToken":"Cldwcm9qZWN0cy8zMTk3NTA3OTQxMDAvbG9jYXRpb25zL3VzLWNlbnRyYWwxL2J1aWxkcy9lNDg4MDgwOC1hOTU0LTQ1MDQtOTkzZC00MzJhNTBkM2RiMTcSbXVzLWNlbnRyYWwxLWRvY2tlci5wa2cuZGV2L2hvbmdzb24tY2lzYS9nY2YtYXJ0aWZhY3RzL2hvbmdzb24tLWNpc2FfX3VzLS1jZW50cmFsMV9fZ3JhZGVfZXhhbV9iYXRjaDp2ZXJzaW9uXzEY9NaHlacJIkRwcm9qZWN0cy9ob25nc29uLWNpc2EvbG9jYXRpb25zL3VzLWNlbnRyYWwxL2Z1bmN0aW9ucy9ncmFkZUV4YW1CYXRjaCoMCPeu68sGEPjekvMBMghub2RlanMyNDp2CiNnY3IuaW8vZ2FlLXJ1bnRpbWVzL25vZGVqczI0OnN0YWJsZRJPdXMtY2VudHJhbDEtZG9ja2VyLnBrZy5kZXYvc2VydmVybGVzcy1ydW50aW1lcy9nb29nbGUtMjQtZnVsbC9ydW50aW1lcy9ub2RlanMyNEAB","operationType":"UPDATE_FUNCTION","buildName":"projects/319750794100/locations/us-central1/builds/e4880808-a954-4504-993d-432a50d3db17"},"done":true,"response":{"@type":"type.googleapis.com/google.cloud.functions.v2.Function","name":"projects/hongson-cisa/locations/us-central1/functions/gradeExamBatch","buildConfig":{"build":"projects/319750794100/locations/us-central1/builds/e4880808-a954-4504-993d-432a50d3db17","runtime":"nodejs24","entryPoint":"gradeExamBatch","source":{"storageSource":{"bucket":"gcf-v2-sources-319750794100-us-central1","object":"gradeExamBatch/function-source.zip","generation":"1769658187656439"}},"environmentVariables":{"GOOGLE_NODE_RUN_SCRIPTS":""},"dockerRepository":"projects/hongson-cisa/locations/us-central1/repositories/gcf-artifacts","sourceProvenance":{"resolvedStorageSource":{"bucket":"gcf-v2-sources-319750794100-us-central1","object":"gradeExamBatch/function-source.zip","generation":"1769658187656439"}},"dockerRegistry":"ARTIFACT_REGISTRY","serviceAccount":"projects/hongson-cisa/serviceAccounts/319750794100-compute@developer.gserviceaccount.com","automaticUpdatePolicy":{}},"serviceConfig":{"service":"projects/hongson-cisa/locations/us-central1/services/gradeexambatch","timeoutSeconds":300,"environmentVariables":{"FIREBASE_CONFIG":"{\"projectId\":\"hongson-cisa\",\"storageBucket\":\"hongson-cisa.firebasestorage.app\"}","GCLOUD_PROJECT":"hongson-cisa","EVENTARC_CLOUD_EVENT_SOURCE":"projects/hongson-cisa/locations/us-central1/services/gradeExamBatch","FUNCTION_TARGET":"gradeExamBatch","LOG_EXECUTION_ID":"true"},"maxInstanceCount":20,"ingressSettings":"ALLOW_ALL","uri":"https://gradeexambatch-k7zp3wcrdq-uc.a.run.app","serviceAccountEmail":"319750794100-compute@developer.gserviceaccount.com","availableMemory":"1024Mi","allTrafficOnLatestRevision":true,"revision":"gradeexambatch-00002-wil","maxInstanceRequestConcurrency":80,"availableCpu":"1"},"state":"ACTIVE","updateTime":"2026-01-29T03:43:07.700261335Z","labels":{"firebase-functions-hash":"0eda0c877a23cea76a7b0267ba7ed5e7d28e2599","deployment-tool":"cli-firebase","deployment-callable":"true"},"environment":"GEN_2","url":"https://us-central1-hongson-cisa.cloudfunctions.net/gradeExamBatch","createTime":"2026-01-29T03:19:15.487124173Z","satisfiesPzi":true}}
[debug] [2026-01-29T03:44:04.785Z] Got source token Cldwcm9qZWN0cy8zMTk3NTA3OTQxMDAvbG9jYXRpb25zL3VzLWNlbnRyYWwxL2J1aWxkcy9lNDg4MDgwOC1hOTU0LTQ1MDQtOTkzZC00MzJhNTBkM2RiMTcSbXVzLWNlbnRyYWwxLWRvY2tlci5wa2cuZGV2L2hvbmdzb24tY2lzYS9nY2YtYXJ0aWZhY3RzL2hvbmdzb24tLWNpc2FfX3VzLS1jZW50cmFsMV9fZ3JhZGVfZXhhbV9iYXRjaDp2ZXJzaW9uXzEY9NaHlacJIkRwcm9qZWN0cy9ob25nc29uLWNpc2EvbG9jYXRpb25zL3VzLWNlbnRyYWwxL2Z1bmN0aW9ucy9ncmFkZUV4YW1CYXRjaCoMCPeu68sGEPjekvMBMghub2RlanMyNDp2CiNnY3IuaW8vZ2FlLXJ1bnRpbWVzL25vZGVqczI0OnN0YWJsZRJPdXMtY2VudHJhbDEtZG9ja2VyLnBrZy5kZXYvc2VydmVybGVzcy1ydW50aW1lcy9nb29nbGUtMjQtZnVsbC9ydW50aW1lcy9ub2RlanMyNEAB for region us-central1
[info] +  functions[gradeExamBatch(us-central1)] Successful update operation. 
[debug] [2026-01-29T03:44:04.797Z] Total Function Deployment time: 59184
[debug] [2026-01-29T03:44:04.797Z] 2 Functions Deployed
[debug] [2026-01-29T03:44:04.797Z] 1 Functions Errored
[debug] [2026-01-29T03:44:04.797Z] 0 Function Deployments Aborted
[debug] [2026-01-29T03:44:04.797Z] Average Function Deployment time: 38568.5
[info] 
[info] Functions deploy had errors with the following functions:
	sendGradedEmail(us-central1)
[debug] [2026-01-29T03:44:04.969Z] Checked if tokens are valid: true, expires at: 1769659583916
[debug] [2026-01-29T03:44:04.969Z] Checked if tokens are valid: true, expires at: 1769659583916
[debug] [2026-01-29T03:44:04.970Z] >>> [apiv2][query] GET https://artifactregistry.googleapis.com/v1/projects/hongson-cisa/locations/us-central1/repositories/gcf-artifacts [none]
[debug] [2026-01-29T03:44:06.323Z] <<< [apiv2][status] GET https://artifactregistry.googleapis.com/v1/projects/hongson-cisa/locations/us-central1/repositories/gcf-artifacts 200
[debug] [2026-01-29T03:44:06.323Z] <<< [apiv2][body] GET https://artifactregistry.googleapis.com/v1/projects/hongson-cisa/locations/us-central1/repositories/gcf-artifacts {"name":"projects/hongson-cisa/locations/us-central1/repositories/gcf-artifacts","format":"DOCKER","description":"This repository is created and used by Cloud Functions for storing function docker images.","labels":{"goog-managed-by":"cloudfunctions"},"createTime":"2026-01-29T03:19:24.414532Z","updateTime":"2026-01-29T03:43:44.016811Z","mode":"STANDARD_REPOSITORY","cleanupPolicies":{"firebase-functions-cleanup":{"id":"firebase-functions-cleanup","action":"DELETE","condition":{"tagState":"ANY","olderThan":"86400s"}}},"sizeBytes":"138904800","vulnerabilityScanningConfig":{"lastEnableTime":"2026-01-29T03:19:15.666445229Z","enablementState":"SCANNING_DISABLED","enablementStateReason":"API containerscanning.googleapis.com is not enabled."},"satisfiesPzi":true,"registryUri":"us-central1-docker.pkg.dev/hongson-cisa/gcf-artifacts"}
[debug] [2026-01-29T03:44:06.323Z] Functions deploy failed.
[debug] [2026-01-29T03:44:06.323Z] {
  "endpoint": {
    "id": "sendGradedEmail",
    "project": "hongson-cisa",
    "region": "us-central1",
    "entryPoint": "sendGradedEmail",
    "platform": "gcfv2",
    "runtime": "nodejs24",
    "eventTrigger": {
      "eventType": "google.cloud.firestore.document.v1.updated",
      "retry": false,
      "eventFilters": {
        "database": "(default)",
        "namespace": "(default)"
      },
      "eventFilterPathPatterns": {
        "document": "submissions/{submissionId}"
      },
      "region": "asia-southeast1"
    },
    "labels": {
      "deployment-tool": "cli-firebase"
    },
    "serviceAccount": null,
    "ingressSettings": null,
    "availableMemoryMb": null,
    "timeoutSeconds": null,
    "maxInstances": null,
    "minInstances": null,
    "concurrency": 80,
    "vpc": null,
    "environmentVariables": {
      "FIREBASE_CONFIG": "{\"projectId\":\"hongson-cisa\",\"storageBucket\":\"hongson-cisa.firebasestorage.app\"}",
      "GCLOUD_PROJECT": "hongson-cisa",
      "EVENTARC_CLOUD_EVENT_SOURCE": "projects/hongson-cisa/locations/us-central1/services/sendGradedEmail"
    },
    "codebase": "default",
    "cpu": 1,
    "targetedByOnly": false,
    "hash": "0eda0c877a23cea76a7b0267ba7ed5e7d28e2599"
  },
  "op": "create",
  "original": {
    "name": "FirebaseError",
    "children": [],
    "context": {
      "function": "projects/hongson-cisa/locations/us-central1/functions/sendGradedEmail"
    },
    "exit": 1,
    "message": "Failed to create function projects/hongson-cisa/locations/us-central1/functions/sendGradedEmail",
    "original": {
      "name": "FirebaseError",
      "children": [],
      "context": {
        "body": {
          "error": {
            "code": 400,
            "message": "Validation failed for trigger projects/hongson-cisa/locations/asia-southeast1/triggers/sendgradedemail-818636: Invalid resource state for \"\": Permission denied while using the Eventarc Service Agent. If you recently started to use Eventarc, it may take a few minutes before all necessary permissions are propagated to the Service Agent. Otherwise, verify that it has Eventarc Service Agent role.",
            "status": "FAILED_PRECONDITION"
          }
        },
        "response": {
          "statusCode": 400
        }
      },
      "exit": 1,
      "message": "Request to https://cloudfunctions.googleapis.com/v2/projects/hongson-cisa/locations/us-central1/functions?functionId=sendGradedEmail had HTTP Error: 400, Validation failed for trigger projects/hongson-cisa/locations/asia-southeast1/triggers/sendgradedemail-818636: Invalid resource state for \"\": Permission denied while using the Eventarc Service Agent. If you recently started to use Eventarc, it may take a few minutes before all necessary permissions are propagated to the Service Agent. Otherwise, verify that it has Eventarc Service Agent role.",
      "status": 400
    },
    "status": 400,
    "code": 400
  }
}
[debug] [2026-01-29T03:44:06.373Z] Error: Failed to create function sendGradedEmail in region us-central1
    at C:\Users\PHYSICS COOLNUT\AppData\Roaming\npm\node_modules\firebase-tools\lib\deploy\functions\release\fabricator.js:319:27
    at process.processTicksAndRejections (node:internal/process/task_queues:103:5)
    at async Fabricator.createV2Function (C:\Users\PHYSICS COOLNUT\AppData\Roaming\npm\node_modules\firebase-tools\lib\deploy\functions\release\fabricator.js:298:30)
    at async Fabricator.createEndpoint (C:\Users\PHYSICS COOLNUT\AppData\Roaming\npm\node_modules\firebase-tools\lib\deploy\functions\release\fabricator.js:138:13)
    at async handle (C:\Users\PHYSICS COOLNUT\AppData\Roaming\npm\node_modules\firebase-tools\lib\deploy\functions\release\fabricator.js:90:17)
[error] 
[error] Error: There was an error deploying functions
